This is pdfTeX, Version 3.14159265-2.6-1.40.18 (MiKTeX 2.9.6500 64-bit) (preloaded format=pdflatex 2017.12.1)  16 AUG 2019 15:27
entering extended mode
**./Report.tex
(Report.tex
LaTeX2e <2017-04-15>
Babel <3.15> and hyphenation patterns for 75 language(s) loaded.
("C:\Program Files\MiKTeX 2.9\tex\latex\base\article.cls"
Document Class: article 2014/09/29 v1.4h Standard LaTeX document class
("C:\Program Files\MiKTeX 2.9\tex\latex\base\size12.clo"
File: size12.clo 2014/09/29 v1.4h Standard LaTeX file (size option)
)
\c@part=\count79
\c@section=\count80
\c@subsection=\count81
\c@subsubsection=\count82
\c@paragraph=\count83
\c@subparagraph=\count84
\c@figure=\count85
\c@table=\count86
\abovecaptionskip=\skip41
\belowcaptionskip=\skip42
\bibindent=\dimen102
)
("C:\Program Files\MiKTeX 2.9\tex\latex\geometry\geometry.sty"
Package: geometry 2010/09/12 v5.6 Page Geometry

("C:\Program Files\MiKTeX 2.9\tex\latex\graphics\keyval.sty"
Package: keyval 2014/10/28 v1.15 key=value parser (DPC)
\KV@toks@=\toks14
)
("C:\Program Files\MiKTeX 2.9\tex\generic\oberdiek\ifpdf.sty"
Package: ifpdf 2017/03/15 v3.2 Provides the ifpdf switch
)
("C:\Program Files\MiKTeX 2.9\tex\generic\oberdiek\ifvtex.sty"
Package: ifvtex 2016/05/16 v1.6 Detect VTeX and its facilities (HO)
Package ifvtex Info: VTeX not detected.
)
("C:\Program Files\MiKTeX 2.9\tex\generic\ifxetex\ifxetex.sty"
Package: ifxetex 2010/09/12 v0.6 Provides ifxetex conditional
)
\Gm@cnth=\count87
\Gm@cntv=\count88
\c@Gm@tempcnt=\count89
\Gm@bindingoffset=\dimen103
\Gm@wd@mp=\dimen104
\Gm@odd@mp=\dimen105
\Gm@even@mp=\dimen106
\Gm@layoutwidth=\dimen107
\Gm@layoutheight=\dimen108
\Gm@layouthoffset=\dimen109
\Gm@layoutvoffset=\dimen110
\Gm@dimlist=\toks15

("C:\Program Files\MiKTeX 2.9\tex\latex\geometry\geometry.cfg"))
("C:\Program Files\MiKTeX 2.9\tex\latex\ulem\ulem.sty"
\UL@box=\box26
\UL@hyphenbox=\box27
\UL@skip=\skip43
\UL@hook=\toks16
\UL@height=\dimen111
\UL@pe=\count90
\UL@pixel=\dimen112
\ULC@box=\box28
Package: ulem 2012/05/18
\ULdepth=\dimen113
)
("C:\Program Files\MiKTeX 2.9\tex\latex\xcolor\xcolor.sty"
Package: xcolor 2016/05/11 v2.12 LaTeX color extensions (UK)

("C:\Program Files\MiKTeX 2.9\tex\latex\graphics-cfg\color.cfg"
File: color.cfg 2016/01/02 v1.6 sample color configuration
)
Package xcolor Info: Package option `usenames' ignored on input line 216.
Package xcolor Info: Driver file: pdftex.def on input line 225.

("C:\Program Files\MiKTeX 2.9\tex\latex\graphics-def\pdftex.def"
File: pdftex.def 2017/06/24 v1.0g Graphics/color driver for pdftex
)
("C:\Program Files\MiKTeX 2.9\tex\latex\colortbl\colortbl.sty"
Package: colortbl 2012/02/13 v1.0a Color table columns (DPC)

("C:\Program Files\MiKTeX 2.9\tex\latex\tools\array.sty"
Package: array 2016/10/06 v2.4d Tabular extension package (FMi)
\col@sep=\dimen114
\extrarowheight=\dimen115
\NC@list=\toks17
\extratabsurround=\skip44
\backup@length=\skip45
)
\everycr=\toks18
\minrowclearance=\skip46
)
\rownum=\count91
Package xcolor Info: Model `cmy' substituted by `cmy0' on input line 1348.
Package xcolor Info: Model `hsb' substituted by `rgb' on input line 1352.
Package xcolor Info: Model `RGB' extended on input line 1364.
Package xcolor Info: Model `HTML' substituted by `rgb' on input line 1366.
Package xcolor Info: Model `Hsb' substituted by `hsb' on input line 1367.
Package xcolor Info: Model `tHsb' substituted by `hsb' on input line 1368.
Package xcolor Info: Model `HSB' substituted by `hsb' on input line 1369.
Package xcolor Info: Model `Gray' substituted by `gray' on input line 1370.
Package xcolor Info: Model `wave' substituted by `hsb' on input line 1371.

("C:\Program Files\MiKTeX 2.9\tex\latex\graphics\dvipsnam.def"
File: dvipsnam.def 2016/06/17 v3.0m Driver-dependent file (DPC,SPQR)
)
("C:\Program Files\MiKTeX 2.9\tex\latex\xcolor\svgnam.def"
File: svgnam.def 2016/05/11 v2.12 Predefined colors according to SVG 1.1 (UK)
))
("C:\Program Files\MiKTeX 2.9\tex\latex\sidecap\sidecap.sty"
Package: sidecap 2003/06/06 v1.6f SideCap Package (RN/HjG)

("C:\Program Files\MiKTeX 2.9\tex\latex\base\ifthen.sty"
Package: ifthen 2014/09/29 v1.1c Standard LaTeX ifthen package (DPC)
)
\SC@BOXWD=\dimen116
\SC@CAPWD=\dimen117
\SC@tempdima=\dimen118
\SC@tempdimb=\dimen119
\c@SC@C=\count92
\SC@BOX=\box29
)
("C:\Program Files\MiKTeX 2.9\tex\latex\amsmath\amsmath.sty"
Package: amsmath 2017/09/02 v2.17a AMS math features
\@mathmargin=\skip47

For additional information on amsmath, use the `?' option.
("C:\Program Files\MiKTeX 2.9\tex\latex\amsmath\amstext.sty"
Package: amstext 2000/06/29 v2.01 AMS text

("C:\Program Files\MiKTeX 2.9\tex\latex\amsmath\amsgen.sty"
File: amsgen.sty 1999/11/30 v2.0 generic functions
\@emptytoks=\toks19
\ex@=\dimen120
))
("C:\Program Files\MiKTeX 2.9\tex\latex\amsmath\amsbsy.sty"
Package: amsbsy 1999/11/29 v1.2d Bold Symbols
\pmbraise@=\dimen121
)
("C:\Program Files\MiKTeX 2.9\tex\latex\amsmath\amsopn.sty"
Package: amsopn 2016/03/08 v2.02 operator names
)
\inf@bad=\count93
LaTeX Info: Redefining \frac on input line 213.
\uproot@=\count94
\leftroot@=\count95
LaTeX Info: Redefining \overline on input line 375.
\classnum@=\count96
\DOTSCASE@=\count97
LaTeX Info: Redefining \ldots on input line 472.
LaTeX Info: Redefining \dots on input line 475.
LaTeX Info: Redefining \cdots on input line 596.
\Mathstrutbox@=\box30
\strutbox@=\box31
\big@size=\dimen122
LaTeX Font Info:    Redeclaring font encoding OML on input line 712.
LaTeX Font Info:    Redeclaring font encoding OMS on input line 713.
\macc@depth=\count98
\c@MaxMatrixCols=\count99
\dotsspace@=\muskip10
\c@parentequation=\count100
\dspbrk@lvl=\count101
\tag@help=\toks20
\row@=\count102
\column@=\count103
\maxfields@=\count104
\andhelp@=\toks21
\eqnshift@=\dimen123
\alignsep@=\dimen124
\tagshift@=\dimen125
\tagwidth@=\dimen126
\totwidth@=\dimen127
\lineht@=\dimen128
\@envbody=\toks22
\multlinegap=\skip48
\multlinetaggap=\skip49
\mathdisplay@stack=\toks23
LaTeX Info: Redefining \[ on input line 2817.
LaTeX Info: Redefining \] on input line 2818.
)
("C:\Program Files\MiKTeX 2.9\tex\latex\amsfonts\amssymb.sty"
Package: amssymb 2013/01/14 v3.01 AMS font symbols

("C:\Program Files\MiKTeX 2.9\tex\latex\amsfonts\amsfonts.sty"
Package: amsfonts 2013/01/14 v3.01 Basic AMSFonts support
\symAMSa=\mathgroup4
\symAMSb=\mathgroup5
LaTeX Font Info:    Overwriting math alphabet `\mathfrak' in version `bold'
(Font)                  U/euf/m/n --> U/euf/b/n on input line 106.
))
("C:\Program Files\MiKTeX 2.9\tex\latex\booktabs\booktabs.sty"
Package: booktabs 2005/04/14 v1.61803 publication quality tables
\heavyrulewidth=\dimen129
\lightrulewidth=\dimen130
\cmidrulewidth=\dimen131
\belowrulesep=\dimen132
\belowbottomsep=\dimen133
\aboverulesep=\dimen134
\abovetopsep=\dimen135
\cmidrulesep=\dimen136
\cmidrulekern=\dimen137
\defaultaddspace=\dimen138
\@cmidla=\count105
\@cmidlb=\count106
\@aboverulesep=\dimen139
\@belowrulesep=\dimen140
\@thisruleclass=\count107
\@lastruleclass=\count108
\@thisrulewidth=\dimen141
)
("C:\Program Files\MiKTeX 2.9\tex\latex\enumitem\enumitem.sty"
Package: enumitem 2011/09/28 v3.5.2 Customized lists
\labelindent=\skip50
\enit@outerparindent=\dimen142
\enit@toks=\toks24
\enit@inbox=\box32
\enitdp@description=\count109
)
("C:\Program Files\MiKTeX 2.9\tex\latex\etoolbox\etoolbox.sty"
Package: etoolbox 2018/02/11 v2.5e e-TeX tools for LaTeX (JAW)
\etb@tempcnta=\count110
)
("C:\Program Files\MiKTeX 2.9\tex\latex\fdsymbol\fdsymbol.sty"
Package: fdsymbol 2011/11/01 v0.8 FdSymbol support package

("C:\Program Files\MiKTeX 2.9\tex\latex\xkeyval\xkeyval.sty"
Package: xkeyval 2014/12/03 v2.7a package option processing (HA)

("C:\Program Files\MiKTeX 2.9\tex\generic\xkeyval\xkeyval.tex"
("C:\Program Files\MiKTeX 2.9\tex\generic\xkeyval\xkvutils.tex"
\XKV@toks=\toks25
\XKV@tempa@toks=\toks26
)
\XKV@depth=\count111
File: xkeyval.tex 2014/12/03 v2.7a key=value parser (HA)
))
("C:\Program Files\MiKTeX 2.9\tex\latex\base\textcomp.sty"
Package: textcomp 2017/04/05 v2.0i Standard LaTeX package
Package textcomp Info: Sub-encoding information:
(textcomp)               5 = only ISO-Adobe without \textcurrency
(textcomp)               4 = 5 + \texteuro
(textcomp)               3 = 4 + \textohm
(textcomp)               2 = 3 + \textestimated + \textcurrency
(textcomp)               1 = TS1 - \textcircled - \t
(textcomp)               0 = TS1 (full)
(textcomp)             Font families with sub-encoding setting implement
(textcomp)             only a restricted character set as indicated.
(textcomp)             Family '?' is the default used for unknown fonts.
(textcomp)             See the documentation for details.
Package textcomp Info: Setting ? sub-encoding to TS1/1 on input line 79.

("C:\Program Files\MiKTeX 2.9\tex\latex\base\ts1enc.def"
File: ts1enc.def 2001/06/05 v3.0e (jk/car/fm) Standard LaTeX file
)
LaTeX Info: Redefining \oldstylenums on input line 334.
Package textcomp Info: Setting cmr sub-encoding to TS1/0 on input line 349.
Package textcomp Info: Setting cmss sub-encoding to TS1/0 on input line 350.
Package textcomp Info: Setting cmtt sub-encoding to TS1/0 on input line 351.
Package textcomp Info: Setting cmvtt sub-encoding to TS1/0 on input line 352.
Package textcomp Info: Setting cmbr sub-encoding to TS1/0 on input line 353.
Package textcomp Info: Setting cmtl sub-encoding to TS1/0 on input line 354.
Package textcomp Info: Setting ccr sub-encoding to TS1/0 on input line 355.
Package textcomp Info: Setting ptm sub-encoding to TS1/4 on input line 356.
Package textcomp Info: Setting pcr sub-encoding to TS1/4 on input line 357.
Package textcomp Info: Setting phv sub-encoding to TS1/4 on input line 358.
Package textcomp Info: Setting ppl sub-encoding to TS1/3 on input line 359.
Package textcomp Info: Setting pag sub-encoding to TS1/4 on input line 360.
Package textcomp Info: Setting pbk sub-encoding to TS1/4 on input line 361.
Package textcomp Info: Setting pnc sub-encoding to TS1/4 on input line 362.
Package textcomp Info: Setting pzc sub-encoding to TS1/4 on input line 363.
Package textcomp Info: Setting bch sub-encoding to TS1/4 on input line 364.
Package textcomp Info: Setting put sub-encoding to TS1/5 on input line 365.
Package textcomp Info: Setting uag sub-encoding to TS1/5 on input line 366.
Package textcomp Info: Setting ugq sub-encoding to TS1/5 on input line 367.
Package textcomp Info: Setting ul8 sub-encoding to TS1/4 on input line 368.
Package textcomp Info: Setting ul9 sub-encoding to TS1/4 on input line 369.
Package textcomp Info: Setting augie sub-encoding to TS1/5 on input line 370.
Package textcomp Info: Setting dayrom sub-encoding to TS1/3 on input line 371.
Package textcomp Info: Setting dayroms sub-encoding to TS1/3 on input line 372.

Package textcomp Info: Setting pxr sub-encoding to TS1/0 on input line 373.
Package textcomp Info: Setting pxss sub-encoding to TS1/0 on input line 374.
Package textcomp Info: Setting pxtt sub-encoding to TS1/0 on input line 375.
Package textcomp Info: Setting txr sub-encoding to TS1/0 on input line 376.
Package textcomp Info: Setting txss sub-encoding to TS1/0 on input line 377.
Package textcomp Info: Setting txtt sub-encoding to TS1/0 on input line 378.
Package textcomp Info: Setting lmr sub-encoding to TS1/0 on input line 379.
Package textcomp Info: Setting lmdh sub-encoding to TS1/0 on input line 380.
Package textcomp Info: Setting lmss sub-encoding to TS1/0 on input line 381.
Package textcomp Info: Setting lmssq sub-encoding to TS1/0 on input line 382.
Package textcomp Info: Setting lmvtt sub-encoding to TS1/0 on input line 383.
Package textcomp Info: Setting lmtt sub-encoding to TS1/0 on input line 384.
Package textcomp Info: Setting qhv sub-encoding to TS1/0 on input line 385.
Package textcomp Info: Setting qag sub-encoding to TS1/0 on input line 386.
Package textcomp Info: Setting qbk sub-encoding to TS1/0 on input line 387.
Package textcomp Info: Setting qcr sub-encoding to TS1/0 on input line 388.
Package textcomp Info: Setting qcs sub-encoding to TS1/0 on input line 389.
Package textcomp Info: Setting qpl sub-encoding to TS1/0 on input line 390.
Package textcomp Info: Setting qtm sub-encoding to TS1/0 on input line 391.
Package textcomp Info: Setting qzc sub-encoding to TS1/0 on input line 392.
Package textcomp Info: Setting qhvc sub-encoding to TS1/0 on input line 393.
Package textcomp Info: Setting futs sub-encoding to TS1/4 on input line 394.
Package textcomp Info: Setting futx sub-encoding to TS1/4 on input line 395.
Package textcomp Info: Setting futj sub-encoding to TS1/4 on input line 396.
Package textcomp Info: Setting hlh sub-encoding to TS1/3 on input line 397.
Package textcomp Info: Setting hls sub-encoding to TS1/3 on input line 398.
Package textcomp Info: Setting hlst sub-encoding to TS1/3 on input line 399.
Package textcomp Info: Setting hlct sub-encoding to TS1/5 on input line 400.
Package textcomp Info: Setting hlx sub-encoding to TS1/5 on input line 401.
Package textcomp Info: Setting hlce sub-encoding to TS1/5 on input line 402.
Package textcomp Info: Setting hlcn sub-encoding to TS1/5 on input line 403.
Package textcomp Info: Setting hlcw sub-encoding to TS1/5 on input line 404.
Package textcomp Info: Setting hlcf sub-encoding to TS1/5 on input line 405.
Package textcomp Info: Setting pplx sub-encoding to TS1/3 on input line 406.
Package textcomp Info: Setting pplj sub-encoding to TS1/3 on input line 407.
Package textcomp Info: Setting ptmx sub-encoding to TS1/4 on input line 408.
Package textcomp Info: Setting ptmj sub-encoding to TS1/4 on input line 409.
)
LaTeX Info: Redefining \dagger on input line 81.
LaTeX Info: Redefining \ddagger on input line 82.
LaTeX Info: Redefining \mathparagraph on input line 83.
LaTeX Info: Redefining \mathsection on input line 84.
LaTeX Info: Redefining \mathdollar on input line 85.
LaTeX Info: Redefining \mathsterling on input line 86.
LaTeX Info: Redefining \yen on input line 87.
LaTeX Info: Redefining \circledR on input line 88.
LaTeX Info: Redefining \circledS on input line 90.
LaTeX Info: Redefining \Re on input line 92.
LaTeX Info: Redefining \Im on input line 93.
LaTeX Info: Redefining \thicksim on input line 95.
LaTeX Info: Redefining \thickapprox on input line 96.
LaTeX Info: Redefining \centerdot on input line 101.
LaTeX Font Info:    Redeclaring symbol font `symbols' on input line 180.
LaTeX Font Info:    Encoding `OMS' has changed to `U' for symbol font
(Font)              `symbols' in the math version `normal' on input line 180.
LaTeX Font Info:    Overwriting symbol font `symbols' in version `normal'
(Font)                  OMS/cmsy/m/n --> U/FdSymbolA/m/n on input line 180.
LaTeX Font Info:    Encoding `OMS' has changed to `U' for symbol font
(Font)              `symbols' in the math version `bold' on input line 180.
LaTeX Font Info:    Overwriting symbol font `symbols' in version `bold'
(Font)                  OMS/cmsy/b/n --> U/FdSymbolA/m/n on input line 180.
\symrelations=\mathgroup6
\symarrows=\mathgroup7
\symnarrows=\mathgroup8
LaTeX Font Info:    Redeclaring symbol font `largesymbols' on input line 184.
LaTeX Font Info:    Encoding `OMX' has changed to `U' for symbol font
(Font)              `largesymbols' in the math version `normal' on input line 1
84.
LaTeX Font Info:    Overwriting symbol font `largesymbols' in version `normal'
(Font)                  OMX/cmex/m/n --> U/FdSymbolE/m/n on input line 184.
LaTeX Font Info:    Encoding `OMX' has changed to `U' for symbol font
(Font)              `largesymbols' in the math version `bold' on input line 184
.
LaTeX Font Info:    Overwriting symbol font `largesymbols' in version `bold'
(Font)                  OMX/cmex/m/n --> U/FdSymbolE/m/n on input line 184.
\symdelimiters=\mathgroup9
LaTeX Font Info:    Overwriting symbol font `symbols' in version `bold'
(Font)                  U/FdSymbolA/m/n --> U/FdSymbolA/b/n on input line 186.
LaTeX Font Info:    Overwriting symbol font `relations' in version `bold'
(Font)                  U/FdSymbolB/m/n --> U/FdSymbolB/b/n on input line 187.
LaTeX Font Info:    Overwriting symbol font `arrows' in version `bold'
(Font)                  U/FdSymbolC/m/n --> U/FdSymbolC/b/n on input line 188.
LaTeX Font Info:    Overwriting symbol font `narrows' in version `bold'
(Font)                  U/FdSymbolD/m/n --> U/FdSymbolD/b/n on input line 189.
LaTeX Font Info:    Overwriting symbol font `largesymbols' in version `bold'
(Font)                  U/FdSymbolE/m/n --> U/FdSymbolE/b/n on input line 190.
LaTeX Font Info:    Overwriting symbol font `delimiters' in version `bold'
(Font)                  U/FdSymbolF/m/n --> U/FdSymbolF/b/n on input line 191.
LaTeX Font Info:    Redeclaring math alphabet \mathcal on input line 192.
LaTeX Font Info:    Overwriting math alphabet `\mathcal' in version `bold'
(Font)                  OMS/cmsy/m/n --> OMS/cmsy/b/n on input line 193.
LaTeX Font Info:    Redeclaring math alphabet \mathbb on input line 194.
LaTeX Font Info:    Redeclaring math alphabet \mathfrak on input line 195.
LaTeX Font Info:    Overwriting math alphabet `\mathfrak' in version `normal'
(Font)                  U/euf/m/n --> U/euf/m/n on input line 195.
LaTeX Font Info:    Overwriting math alphabet `\mathfrak' in version `bold'
(Font)                  U/euf/b/n --> U/euf/m/n on input line 195.
LaTeX Font Info:    Overwriting math alphabet `\mathfrak' in version `bold'
(Font)                  U/euf/m/n --> U/euf/b/n on input line 196.
LaTeX Info: Redefining \vdots on input line 221.
LaTeX Info: Redefining \relbar on input line 1205.
LaTeX Info: Redefining \Relbar on input line 1206.
LaTeX Font Info:    Redeclaring math accent \widehat on input line 1796.
LaTeX Font Info:    Redeclaring math accent \widetilde on input line 1797.
LaTeX Font Info:    Redeclaring math accent \vec on input line 1799.
LaTeX Font Info:    Redeclaring math symbol \setminus on input line 1902.
LaTeX Font Info:    Redeclaring math symbol \mid on input line 1907.
LaTeX Font Info:    Redeclaring math symbol \nmid on input line 1908.
LaTeX Font Info:    Redeclaring math symbol \parallel on input line 1912.
LaTeX Font Info:    Redeclaring math symbol \nparallel on input line 1913.
LaTeX Font Info:    Redeclaring math symbol \shortmid on input line 1921.
LaTeX Font Info:    Redeclaring math symbol \nshortmid on input line 1922.
LaTeX Font Info:    Redeclaring math symbol \shortparallel on input line 1923.
LaTeX Font Info:    Redeclaring math symbol \nshortparallel on input line 1924.

LaTeX Font Info:    Redeclaring math symbol \braceld on input line 1944.
LaTeX Font Info:    Redeclaring math symbol \bracelu on input line 1945.
LaTeX Font Info:    Redeclaring math symbol \bracerd on input line 1946.
LaTeX Font Info:    Redeclaring math symbol \braceru on input line 1947.
LaTeX Info: Redefining \overbrace on input line 1963.
LaTeX Info: Redefining \underbrace on input line 1966.
LaTeX Font Info:    Redeclaring math symbol \surd on input line 1980.
)
("C:\Program Files\MiKTeX 2.9\tex\latex\hyperref\hyperref.sty"
Package: hyperref 2017/03/14 v6.85a Hypertext links for LaTeX

("C:\Program Files\MiKTeX 2.9\tex\generic\oberdiek\hobsub-hyperref.sty"
Package: hobsub-hyperref 2016/05/16 v1.14 Bundle oberdiek, subset hyperref (HO)


("C:\Program Files\MiKTeX 2.9\tex\generic\oberdiek\hobsub-generic.sty"
Package: hobsub-generic 2016/05/16 v1.14 Bundle oberdiek, subset generic (HO)
Package: hobsub 2016/05/16 v1.14 Construct package bundles (HO)
Package: infwarerr 2016/05/16 v1.4 Providing info/warning/error messages (HO)
Package: ltxcmds 2016/05/16 v1.23 LaTeX kernel commands for general use (HO)
Package: ifluatex 2016/05/16 v1.4 Provides the ifluatex switch (HO)
Package ifluatex Info: LuaTeX not detected.
Package hobsub Info: Skipping package `ifvtex' (already loaded).
Package: intcalc 2016/05/16 v1.2 Expandable calculations with integers (HO)
Package hobsub Info: Skipping package `ifpdf' (already loaded).
Package: etexcmds 2016/05/16 v1.6 Avoid name clashes with e-TeX commands (HO)
Package etexcmds Info: Could not find \expanded.
(etexcmds)             That can mean that you are not using pdfTeX 1.50 or
(etexcmds)             that some package has redefined \expanded.
(etexcmds)             In the latter case, load this package earlier.
Package: kvsetkeys 2016/05/16 v1.17 Key value parser (HO)
Package: kvdefinekeys 2016/05/16 v1.4 Define keys (HO)
Package: pdftexcmds 2017/03/19 v0.25 Utility functions of pdfTeX for LuaTeX (HO
)
Package pdftexcmds Info: LuaTeX not detected.
Package pdftexcmds Info: \pdf@primitive is available.
Package pdftexcmds Info: \pdf@ifprimitive is available.
Package pdftexcmds Info: \pdfdraftmode found.
Package: pdfescape 2016/05/16 v1.14 Implements pdfTeX's escape features (HO)
Package: bigintcalc 2016/05/16 v1.4 Expandable calculations on big integers (HO
)
Package: bitset 2016/05/16 v1.2 Handle bit-vector datatype (HO)
Package: uniquecounter 2016/05/16 v1.3 Provide unlimited unique counter (HO)
)
Package hobsub Info: Skipping package `hobsub' (already loaded).
Package: letltxmacro 2016/05/16 v1.5 Let assignment for LaTeX macros (HO)
Package: hopatch 2016/05/16 v1.3 Wrapper for package hooks (HO)
Package: xcolor-patch 2016/05/16 xcolor patch
Package: atveryend 2016/05/16 v1.9 Hooks at the very end of document (HO)
Package: atbegshi 2016/06/09 v1.18 At begin shipout hook (HO)
Package: refcount 2016/05/16 v3.5 Data extraction from label references (HO)
Package: hycolor 2016/05/16 v1.8 Color options for hyperref/bookmark (HO)
)
("C:\Program Files\MiKTeX 2.9\tex\latex\oberdiek\auxhook.sty"
Package: auxhook 2016/05/16 v1.4 Hooks for auxiliary files (HO)
)
("C:\Program Files\MiKTeX 2.9\tex\latex\oberdiek\kvoptions.sty"
Package: kvoptions 2016/05/16 v3.12 Key value format for package options (HO)
)
\@linkdim=\dimen143
\Hy@linkcounter=\count112
\Hy@pagecounter=\count113

("C:\Program Files\MiKTeX 2.9\tex\latex\hyperref\pd1enc.def"
File: pd1enc.def 2017/03/14 v6.85a Hyperref: PDFDocEncoding definition (HO)
)
\Hy@SavedSpaceFactor=\count114

("C:\Program Files\MiKTeX 2.9\tex\latex\00miktex\hyperref.cfg"
File: hyperref.cfg 2002/06/06 v1.2 hyperref configuration of TeXLive
)
Package hyperref Info: Hyper figures OFF on input line 4498.
Package hyperref Info: Link nesting OFF on input line 4503.
Package hyperref Info: Hyper index ON on input line 4506.
Package hyperref Info: Plain pages OFF on input line 4513.
Package hyperref Info: Backreferencing OFF on input line 4518.
Package hyperref Info: Implicit mode ON; LaTeX internals redefined.
Package hyperref Info: Bookmarks ON on input line 4751.
\c@Hy@tempcnt=\count115

("C:\Program Files\MiKTeX 2.9\tex\latex\url\url.sty"
\Urlmuskip=\muskip11
Package: url 2013/09/16  ver 3.4  Verb mode for urls, etc.
)
LaTeX Info: Redefining \url on input line 5104.
\XeTeXLinkMargin=\dimen144
\Fld@menulength=\count116
\Field@Width=\dimen145
\Fld@charsize=\dimen146
Package hyperref Info: Hyper figures OFF on input line 6358.
Package hyperref Info: Link nesting OFF on input line 6363.
Package hyperref Info: Hyper index ON on input line 6366.
Package hyperref Info: backreferencing OFF on input line 6373.
Package hyperref Info: Link coloring OFF on input line 6378.
Package hyperref Info: Link coloring with OCG OFF on input line 6383.
Package hyperref Info: PDF/A mode OFF on input line 6388.
LaTeX Info: Redefining \ref on input line 6428.
LaTeX Info: Redefining \pageref on input line 6432.
\Hy@abspage=\count117
\c@Item=\count118
\c@Hfootnote=\count119
)

Package hyperref Message: Driver (autodetected): hpdftex.

("C:\Program Files\MiKTeX 2.9\tex\latex\hyperref\hpdftex.def"
File: hpdftex.def 2017/03/14 v6.85a Hyperref driver for pdfTeX
\Fld@listcount=\count120
\c@bookmark@seq@number=\count121

("C:\Program Files\MiKTeX 2.9\tex\latex\oberdiek\rerunfilecheck.sty"
Package: rerunfilecheck 2016/05/16 v1.8 Rerun checks for auxiliary files (HO)
Package uniquecounter Info: New unique counter `rerunfilecheck' on input line 2
82.
)
\Hy@SectionHShift=\skip51
)
("C:\Program Files\MiKTeX 2.9\tex\latex\listings\listings.sty"
\lst@mode=\count122
\lst@gtempboxa=\box33
\lst@token=\toks27
\lst@length=\count123
\lst@currlwidth=\dimen147
\lst@column=\count124
\lst@pos=\count125
\lst@lostspace=\dimen148
\lst@width=\dimen149
\lst@newlines=\count126
\lst@lineno=\count127
\lst@maxwidth=\dimen150

("C:\Program Files\MiKTeX 2.9\tex\latex\listings\lstmisc.sty"
File: lstmisc.sty 2015/06/04 1.6 (Carsten Heinz)
\c@lstnumber=\count128
\lst@skipnumbers=\count129
\lst@framebox=\box34
)
("C:\Program Files\MiKTeX 2.9\tex\latex\listings\listings.cfg"
File: listings.cfg 2015/06/04 1.6 listings configuration
))
Package: listings 2015/06/04 1.6 (Carsten Heinz)

("C:\Program Files\MiKTeX 2.9\tex\latex\makecell\makecell.sty"
Package: makecell 2009/08/03 V0.1e Managing of Tab Column Heads and Cells
\rotheadsize=\dimen151
\c@nlinenum=\count130
\TeXr@lab=\toks28
)
("C:\Program Files\MiKTeX 2.9\tex\latex\tools\multicol.sty"
Package: multicol 2017/04/11 v1.8q multicolumn formatting (FMi)
\c@tracingmulticols=\count131
\mult@box=\box35
\multicol@leftmargin=\dimen152
\c@unbalance=\count132
\c@collectmore=\count133
\doublecol@number=\count134
\multicoltolerance=\count135
\multicolpretolerance=\count136
\full@width=\dimen153
\page@free=\dimen154
\premulticols=\dimen155
\postmulticols=\dimen156
\multicolsep=\skip52
\multicolbaselineskip=\skip53
\partial@page=\box36
\last@line=\box37
\maxbalancingoverflow=\dimen157
\mult@rightbox=\box38
\mult@grightbox=\box39
\mult@gfirstbox=\box40
\mult@firstbox=\box41
\@tempa=\box42
\@tempa=\box43
\@tempa=\box44
\@tempa=\box45
\@tempa=\box46
\@tempa=\box47
\@tempa=\box48
\@tempa=\box49
\@tempa=\box50
\@tempa=\box51
\@tempa=\box52
\@tempa=\box53
\@tempa=\box54
\@tempa=\box55
\@tempa=\box56
\@tempa=\box57
\@tempa=\box58
\c@columnbadness=\count137
\c@finalcolumnbadness=\count138
\last@try=\dimen158
\multicolovershoot=\dimen159
\multicolundershoot=\dimen160
\mult@nat@firstbox=\box59
\colbreak@box=\box60
\mc@col@check@num=\count139
)
("C:\Program Files\MiKTeX 2.9\tex\latex\multirow\multirow.sty"
Package: multirow 2016/11/25 v2.2 Span multiple rows of a table
\multirow@colwidth=\skip54
\multirow@cntb=\count140
\multirow@dima=\skip55
\bigstrutjot=\dimen161
)
("C:\Program Files\MiKTeX 2.9\tex\latex\pgfgantt\pgfgantt.sty"
Package: pgfgantt 2018/01/10 v5.0 Draw Gantt diagrams with TikZ

("C:\Program Files\MiKTeX 2.9\tex\latex\pgf\frontendlayer\tikz.sty"
("C:\Program Files\MiKTeX 2.9\tex\latex\pgf\basiclayer\pgf.sty"
("C:\Program Files\MiKTeX 2.9\tex\latex\pgf\utilities\pgfrcs.sty"
("C:\Program Files\MiKTeX 2.9\tex\generic\pgf\utilities\pgfutil-common.tex"
\pgfutil@everybye=\toks29
\pgfutil@tempdima=\dimen162
\pgfutil@tempdimb=\dimen163

("C:\Program Files\MiKTeX 2.9\tex\generic\pgf\utilities\pgfutil-common-lists.te
x")) ("C:\Program Files\MiKTeX 2.9\tex\generic\pgf\utilities\pgfutil-latex.def"
\pgfutil@abb=\box61
("C:\Program Files\MiKTeX 2.9\tex\latex\ms\everyshi.sty"
Package: everyshi 2001/05/15 v3.00 EveryShipout Package (MS)
))
("C:\Program Files\MiKTeX 2.9\tex\generic\pgf\utilities\pgfrcs.code.tex"
Package: pgfrcs 2015/08/07 v3.0.1a (rcs-revision 1.31)
))
Package: pgf 2015/08/07 v3.0.1a (rcs-revision 1.15)

("C:\Program Files\MiKTeX 2.9\tex\latex\pgf\basiclayer\pgfcore.sty"
("C:\Program Files\MiKTeX 2.9\tex\latex\graphics\graphicx.sty"
Package: graphicx 2017/06/01 v1.1a Enhanced LaTeX Graphics (DPC,SPQR)

("C:\Program Files\MiKTeX 2.9\tex\latex\graphics\graphics.sty"
Package: graphics 2017/06/25 v1.2c Standard LaTeX Graphics (DPC,SPQR)

("C:\Program Files\MiKTeX 2.9\tex\latex\graphics\trig.sty"
Package: trig 2016/01/03 v1.10 sin cos tan (DPC)
)
("C:\Program Files\MiKTeX 2.9\tex\latex\graphics-cfg\graphics.cfg"
File: graphics.cfg 2016/06/04 v1.11 sample graphics configuration
)
Package graphics Info: Driver file: pdftex.def on input line 99.
)
\Gin@req@height=\dimen164
\Gin@req@width=\dimen165
)
("C:\Program Files\MiKTeX 2.9\tex\latex\pgf\systemlayer\pgfsys.sty"
("C:\Program Files\MiKTeX 2.9\tex\generic\pgf\systemlayer\pgfsys.code.tex"
Package: pgfsys 2014/07/09 v3.0.1a (rcs-revision 1.48)

("C:\Program Files\MiKTeX 2.9\tex\generic\pgf\utilities\pgfkeys.code.tex"
\pgfkeys@pathtoks=\toks30
\pgfkeys@temptoks=\toks31

("C:\Program Files\MiKTeX 2.9\tex\generic\pgf\utilities\pgfkeysfiltered.code.te
x"
\pgfkeys@tmptoks=\toks32
))
\pgf@x=\dimen166
\pgf@y=\dimen167
\pgf@xa=\dimen168
\pgf@ya=\dimen169
\pgf@xb=\dimen170
\pgf@yb=\dimen171
\pgf@xc=\dimen172
\pgf@yc=\dimen173
\w@pgf@writea=\write3
\r@pgf@reada=\read1
\c@pgf@counta=\count141
\c@pgf@countb=\count142
\c@pgf@countc=\count143
\c@pgf@countd=\count144
\t@pgf@toka=\toks33
\t@pgf@tokb=\toks34
\t@pgf@tokc=\toks35
 ("C:\Program Files\MiKTeX 2.9\tex\generic\pgf\systemlayer\pgf.cfg"
File: pgf.cfg 2008/05/14  (rcs-revision 1.7)
)
Driver file for pgf: pgfsys-pdftex.def

("C:\Program Files\MiKTeX 2.9\tex\generic\pgf\systemlayer\pgfsys-pdftex.def"
File: pgfsys-pdftex.def 2014/10/11  (rcs-revision 1.35)

("C:\Program Files\MiKTeX 2.9\tex\generic\pgf\systemlayer\pgfsys-common-pdf.def
"
File: pgfsys-common-pdf.def 2013/10/10  (rcs-revision 1.13)
)))
("C:\Program Files\MiKTeX 2.9\tex\generic\pgf\systemlayer\pgfsyssoftpath.code.t
ex"
File: pgfsyssoftpath.code.tex 2013/09/09  (rcs-revision 1.9)
\pgfsyssoftpath@smallbuffer@items=\count145
\pgfsyssoftpath@bigbuffer@items=\count146
)
("C:\Program Files\MiKTeX 2.9\tex\generic\pgf\systemlayer\pgfsysprotocol.code.t
ex"
File: pgfsysprotocol.code.tex 2006/10/16  (rcs-revision 1.4)
)) ("C:\Program Files\MiKTeX 2.9\tex\generic\pgf\basiclayer\pgfcore.code.tex"
Package: pgfcore 2010/04/11 v3.0.1a (rcs-revision 1.7)
 ("C:\Program Files\MiKTeX 2.9\tex\generic\pgf\math\pgfmath.code.tex"
("C:\Program Files\MiKTeX 2.9\tex\generic\pgf\math\pgfmathcalc.code.tex"
("C:\Program Files\MiKTeX 2.9\tex\generic\pgf\math\pgfmathutil.code.tex")
("C:\Program Files\MiKTeX 2.9\tex\generic\pgf\math\pgfmathparser.code.tex"
\pgfmath@dimen=\dimen174
\pgfmath@count=\count147
\pgfmath@box=\box62
\pgfmath@toks=\toks36
\pgfmath@stack@operand=\toks37
\pgfmath@stack@operation=\toks38
)
("C:\Program Files\MiKTeX 2.9\tex\generic\pgf\math\pgfmathfunctions.code.tex"
("C:\Program Files\MiKTeX 2.9\tex\generic\pgf\math\pgfmathfunctions.basic.code.
tex")
("C:\Program Files\MiKTeX 2.9\tex\generic\pgf\math\pgfmathfunctions.trigonometr
ic.code.tex")
("C:\Program Files\MiKTeX 2.9\tex\generic\pgf\math\pgfmathfunctions.random.code
.tex")
("C:\Program Files\MiKTeX 2.9\tex\generic\pgf\math\pgfmathfunctions.comparison.
code.tex")
("C:\Program Files\MiKTeX 2.9\tex\generic\pgf\math\pgfmathfunctions.base.code.t
ex")
("C:\Program Files\MiKTeX 2.9\tex\generic\pgf\math\pgfmathfunctions.round.code.
tex")
("C:\Program Files\MiKTeX 2.9\tex\generic\pgf\math\pgfmathfunctions.misc.code.t
ex")
("C:\Program Files\MiKTeX 2.9\tex\generic\pgf\math\pgfmathfunctions.integerarit
hmetics.code.tex")))
("C:\Program Files\MiKTeX 2.9\tex\generic\pgf\math\pgfmathfloat.code.tex"
\c@pgfmathroundto@lastzeros=\count148
))
("C:\Program Files\MiKTeX 2.9\tex\generic\pgf\basiclayer\pgfcorepoints.code.tex
"
File: pgfcorepoints.code.tex 2013/10/07  (rcs-revision 1.27)
\pgf@picminx=\dimen175
\pgf@picmaxx=\dimen176
\pgf@picminy=\dimen177
\pgf@picmaxy=\dimen178
\pgf@pathminx=\dimen179
\pgf@pathmaxx=\dimen180
\pgf@pathminy=\dimen181
\pgf@pathmaxy=\dimen182
\pgf@xx=\dimen183
\pgf@xy=\dimen184
\pgf@yx=\dimen185
\pgf@yy=\dimen186
\pgf@zx=\dimen187
\pgf@zy=\dimen188
)
("C:\Program Files\MiKTeX 2.9\tex\generic\pgf\basiclayer\pgfcorepathconstruct.c
ode.tex"
File: pgfcorepathconstruct.code.tex 2013/10/07  (rcs-revision 1.29)
\pgf@path@lastx=\dimen189
\pgf@path@lasty=\dimen190
)
("C:\Program Files\MiKTeX 2.9\tex\generic\pgf\basiclayer\pgfcorepathusage.code.
tex"
File: pgfcorepathusage.code.tex 2014/11/02  (rcs-revision 1.24)
\pgf@shorten@end@additional=\dimen191
\pgf@shorten@start@additional=\dimen192
)
("C:\Program Files\MiKTeX 2.9\tex\generic\pgf\basiclayer\pgfcorescopes.code.tex
"
File: pgfcorescopes.code.tex 2015/05/08  (rcs-revision 1.46)
\pgfpic=\box63
\pgf@hbox=\box64
\pgf@layerbox@main=\box65
\pgf@picture@serial@count=\count149
)
("C:\Program Files\MiKTeX 2.9\tex\generic\pgf\basiclayer\pgfcoregraphicstate.co
de.tex"
File: pgfcoregraphicstate.code.tex 2014/11/02  (rcs-revision 1.12)
\pgflinewidth=\dimen193
)
("C:\Program Files\MiKTeX 2.9\tex\generic\pgf\basiclayer\pgfcoretransformations
.code.tex"
File: pgfcoretransformations.code.tex 2015/08/07  (rcs-revision 1.20)
\pgf@pt@x=\dimen194
\pgf@pt@y=\dimen195
\pgf@pt@temp=\dimen196
)
("C:\Program Files\MiKTeX 2.9\tex\generic\pgf\basiclayer\pgfcorequick.code.tex"
File: pgfcorequick.code.tex 2008/10/09  (rcs-revision 1.3)
)
("C:\Program Files\MiKTeX 2.9\tex\generic\pgf\basiclayer\pgfcoreobjects.code.te
x"
File: pgfcoreobjects.code.tex 2006/10/11  (rcs-revision 1.2)
)
("C:\Program Files\MiKTeX 2.9\tex\generic\pgf\basiclayer\pgfcorepathprocessing.
code.tex"
File: pgfcorepathprocessing.code.tex 2013/09/09  (rcs-revision 1.9)
)
("C:\Program Files\MiKTeX 2.9\tex\generic\pgf\basiclayer\pgfcorearrows.code.tex
"
File: pgfcorearrows.code.tex 2015/05/14  (rcs-revision 1.43)
\pgfarrowsep=\dimen197
)
("C:\Program Files\MiKTeX 2.9\tex\generic\pgf\basiclayer\pgfcoreshade.code.tex"
File: pgfcoreshade.code.tex 2013/07/15  (rcs-revision 1.15)
\pgf@max=\dimen198
\pgf@sys@shading@range@num=\count150
) ("C:\Program Files\MiKTeX 2.9\tex\generic\pgf\basiclayer\pgfcoreimage.code.te
x"
File: pgfcoreimage.code.tex 2013/07/15  (rcs-revision 1.18)

("C:\Program Files\MiKTeX 2.9\tex\generic\pgf\basiclayer\pgfcoreexternal.code.t
ex"
File: pgfcoreexternal.code.tex 2014/07/09  (rcs-revision 1.21)
\pgfexternal@startupbox=\box66
))
("C:\Program Files\MiKTeX 2.9\tex\generic\pgf\basiclayer\pgfcorelayers.code.tex
"
File: pgfcorelayers.code.tex 2013/07/18  (rcs-revision 1.7)
)
("C:\Program Files\MiKTeX 2.9\tex\generic\pgf\basiclayer\pgfcoretransparency.co
de.tex"
File: pgfcoretransparency.code.tex 2013/09/30  (rcs-revision 1.5)
)
("C:\Program Files\MiKTeX 2.9\tex\generic\pgf\basiclayer\pgfcorepatterns.code.t
ex"
File: pgfcorepatterns.code.tex 2013/11/07  (rcs-revision 1.5)
)))
("C:\Program Files\MiKTeX 2.9\tex\generic\pgf\modules\pgfmoduleshapes.code.tex"
File: pgfmoduleshapes.code.tex 2014/03/21  (rcs-revision 1.35)
\pgfnodeparttextbox=\box67
) ("C:\Program Files\MiKTeX 2.9\tex\generic\pgf\modules\pgfmoduleplot.code.tex"
File: pgfmoduleplot.code.tex 2015/08/03  (rcs-revision 1.13)
)
("C:\Program Files\MiKTeX 2.9\tex\latex\pgf\compatibility\pgfcomp-version-0-65.
sty"
Package: pgfcomp-version-0-65 2007/07/03 v3.0.1a (rcs-revision 1.7)
\pgf@nodesepstart=\dimen199
\pgf@nodesepend=\dimen256
)
("C:\Program Files\MiKTeX 2.9\tex\latex\pgf\compatibility\pgfcomp-version-1-18.
sty"
Package: pgfcomp-version-1-18 2007/07/23 v3.0.1a (rcs-revision 1.1)
)) ("C:\Program Files\MiKTeX 2.9\tex\latex\pgf\utilities\pgffor.sty"
("C:\Program Files\MiKTeX 2.9\tex\latex\pgf\utilities\pgfkeys.sty"
("C:\Program Files\MiKTeX 2.9\tex\generic\pgf\utilities\pgfkeys.code.tex"))
("C:\Program Files\MiKTeX 2.9\tex\latex\pgf\math\pgfmath.sty"
("C:\Program Files\MiKTeX 2.9\tex\generic\pgf\math\pgfmath.code.tex"))
("C:\Program Files\MiKTeX 2.9\tex\generic\pgf\utilities\pgffor.code.tex"
Package: pgffor 2013/12/13 v3.0.1a (rcs-revision 1.25)

("C:\Program Files\MiKTeX 2.9\tex\generic\pgf\math\pgfmath.code.tex")
\pgffor@iter=\dimen257
\pgffor@skip=\dimen258
\pgffor@stack=\toks39
\pgffor@toks=\toks40
))
("C:\Program Files\MiKTeX 2.9\tex\generic\pgf\frontendlayer\tikz\tikz.code.tex"
Package: tikz 2015/08/07 v3.0.1a (rcs-revision 1.151)

("C:\Program Files\MiKTeX 2.9\tex\generic\pgf\libraries\pgflibraryplothandlers.
code.tex"
File: pgflibraryplothandlers.code.tex 2013/08/31 v3.0.1a (rcs-revision 1.20)
\pgf@plot@mark@count=\count151
\pgfplotmarksize=\dimen259
)
\tikz@lastx=\dimen260
\tikz@lasty=\dimen261
\tikz@lastxsaved=\dimen262
\tikz@lastysaved=\dimen263
\tikzleveldistance=\dimen264
\tikzsiblingdistance=\dimen265
\tikz@figbox=\box68
\tikz@figbox@bg=\box69
\tikz@tempbox=\box70
\tikz@tempbox@bg=\box71
\tikztreelevel=\count152
\tikznumberofchildren=\count153
\tikznumberofcurrentchild=\count154
\tikz@fig@count=\count155

("C:\Program Files\MiKTeX 2.9\tex\generic\pgf\modules\pgfmodulematrix.code.tex"
File: pgfmodulematrix.code.tex 2013/09/17  (rcs-revision 1.8)
\pgfmatrixcurrentrow=\count156
\pgfmatrixcurrentcolumn=\count157
\pgf@matrix@numberofcolumns=\count158
)
\tikz@expandcount=\count159

("C:\Program Files\MiKTeX 2.9\tex\generic\pgf\frontendlayer\tikz\libraries\tikz
librarytopaths.code.tex"
File: tikzlibrarytopaths.code.tex 2008/06/17 v3.0.1a (rcs-revision 1.2)
)))
("C:\Program Files\MiKTeX 2.9\tex\generic\pgf\frontendlayer\tikz\libraries\tikz
libraryarrows.code.tex"
File: tikzlibraryarrows.code.tex 2008/01/09 v3.0.1a (rcs-revision 1.1)

("C:\Program Files\MiKTeX 2.9\tex\generic\pgf\libraries\pgflibraryarrows.code.t
ex"
File: pgflibraryarrows.code.tex 2013/09/23 v3.0.1a (rcs-revision 1.16)
\arrowsize=\dimen266
))
("C:\Program Files\MiKTeX 2.9\tex\generic\pgf\frontendlayer\tikz\libraries\tikz
librarybackgrounds.code.tex"
File: tikzlibrarybackgrounds.code.tex 2013/07/18 v3.0.1a (rcs-revision 1.3)
\pgf@layerbox@background=\box72
\pgf@layerboxsaved@background=\box73
)
("C:\Program Files\MiKTeX 2.9\tex\generic\pgf\frontendlayer\tikz\libraries\tikz
librarycalc.code.tex"
File: tikzlibrarycalc.code.tex 2013/07/15 v3.0.1a (rcs-revision 1.9)
)
("C:\Program Files\MiKTeX 2.9\tex\generic\pgf\frontendlayer\tikz\libraries\tikz
librarypatterns.code.tex"
File: tikzlibrarypatterns.code.tex 2008/01/15 v3.0.1a (rcs-revision 1.2)

("C:\Program Files\MiKTeX 2.9\tex\generic\pgf\libraries\pgflibrarypatterns.code
.tex"
File: pgflibrarypatterns.code.tex 2008/03/03 v3.0.1a (rcs-revision 1.13)
))
("C:\Program Files\MiKTeX 2.9\tex\generic\pgf\frontendlayer\tikz\libraries\tikz
librarypositioning.code.tex"
File: tikzlibrarypositioning.code.tex 2008/10/06 v3.0.1a (rcs-revision 1.7)
)
("C:\Program Files\MiKTeX 2.9\tex\generic\pgf\frontendlayer\tikz\libraries\tikz
libraryshapes.geometric.code.tex"
File: tikzlibraryshapes.geometric.code.tex 2008/01/09 v3.0.1a (rcs-revision 1.1
)

("C:\Program Files\MiKTeX 2.9\tex\generic\pgf\libraries\shapes\pgflibraryshapes
.geometric.code.tex"
File: pgflibraryshapes.geometric.code.tex 2008/06/26 v3.0.1a (rcs-revision 1.1)

))
("C:\Program Files\MiKTeX 2.9\tex\latex\pgf\utilities\pgfcalendar.sty"
("C:\Program Files\MiKTeX 2.9\tex\generic\pgf\utilities\pgfcalendar.code.tex"
File: pgfcalendar.code.tex 2007/07/23 v3.0.1a (rcs-revision 1.11)
\pgfcalendarcurrentjulian=\count160
))
\gtt@currentline=\count161
\gtt@lasttitleline=\count162
\gtt@currgrid=\count163
\gtt@chartwidth=\count164
\gtt@lasttitleslot=\count165
\gtt@elementid=\count166
\gtt@today@slot=\count167
\gtt@startjulian=\count168
\gtt@endjulian=\count169
\gtt@chartid=\count170
\gtt@vrule@slot=\count171
\gtt@calendar@slots=\count172
\gtt@calendar@weeknumber=\count173
\gtt@calendar@startofweek=\count174
\gtt@left@slot=\count175
\gtt@right@slot=\count176
) ("C:\Program Files\MiKTeX 2.9\tex\latex\psnfss\pifont.sty"
Package: pifont 2005/04/12 PSNFSS-v9.2a Pi font support (SPQR) 
LaTeX Font Info:    Try loading font information for U+pzd on input line 63.

("C:\Program Files\MiKTeX 2.9\tex\latex\psnfss\upzd.fd"
File: upzd.fd 2001/06/04 font definitions for U/pzd.
)
LaTeX Font Info:    Try loading font information for U+psy on input line 64.

("C:\Program Files\MiKTeX 2.9\tex\latex\psnfss\upsy.fd"
File: upsy.fd 2001/06/04 font definitions for U/psy.
))
("C:\Program Files\MiKTeX 2.9\tex\latex\graphics\rotating.sty"
Package: rotating 2016/08/11 v2.16d rotated objects in LaTeX
\c@r@tfl@t=\count177
\rotFPtop=\skip56
\rotFPbot=\skip57
\rot@float@box=\box74
\rot@mess@toks=\toks41
)
("C:\Program Files\MiKTeX 2.9\tex\latex\wrapfig\wrapfig.sty"
\wrapoverhang=\dimen267
\WF@size=\dimen268
\c@WF@wrappedlines=\count178
\WF@box=\box75
\WF@everypar=\toks42
Package: wrapfig 2003/01/31  v 3.6
)
("C:\Program Files\MiKTeX 2.9\tex\latex\l3packages\xparse\xparse.sty"
("C:\Program Files\MiKTeX 2.9\tex\latex\l3kernel\expl3.sty"
Package: expl3 2017/12/16 L3 programming layer (loader) 

("C:\Program Files\MiKTeX 2.9\tex\latex\l3kernel\expl3-code.tex"
Package: expl3 2017/12/16 L3 programming layer (code)
\c_max_int=\count179
\l_tmpa_int=\count180
\l_tmpb_int=\count181
\g_tmpa_int=\count182
\g_tmpb_int=\count183
\g__intarray_font_int=\count184
\g__prg_map_int=\count185
\c_log_iow=\count186
\l_iow_line_count_int=\count187
\l__iow_line_target_int=\count188
\l__iow_one_indent_int=\count189
\l__iow_indent_int=\count190
\c_zero_dim=\dimen269
\c_max_dim=\dimen270
\l_tmpa_dim=\dimen271
\l_tmpb_dim=\dimen272
\g_tmpa_dim=\dimen273
\g_tmpb_dim=\dimen274
\c_zero_skip=\skip58
\c_max_skip=\skip59
\l_tmpa_skip=\skip60
\l_tmpb_skip=\skip61
\g_tmpa_skip=\skip62
\g_tmpb_skip=\skip63
\c_zero_muskip=\muskip12
\c_max_muskip=\muskip13
\l_tmpa_muskip=\muskip14
\l_tmpb_muskip=\muskip15
\g_tmpa_muskip=\muskip16
\g_tmpb_muskip=\muskip17
\l_keys_choice_int=\count191
\c__fp_leading_shift_int=\count192
\c__fp_middle_shift_int=\count193
\c__fp_trailing_shift_int=\count194
\c__fp_big_leading_shift_int=\count195
\c__fp_big_middle_shift_int=\count196
\c__fp_big_trailing_shift_int=\count197
\c__fp_Bigg_leading_shift_int=\count198
\c__fp_Bigg_middle_shift_int=\count199
\c__fp_Bigg_trailing_shift_int=\count266
\c__fp_rand_size_int=\count267
\c__fp_rand_four_int=\count268
\c__fp_rand_eight_int=\count269
\l__sort_length_int=\count270
\l__sort_min_int=\count271
\l__sort_top_int=\count272
\l__sort_max_int=\count273
\l__sort_true_max_int=\count274
\l__sort_block_int=\count275
\l__sort_begin_int=\count276
\l__sort_end_int=\count277
\l__sort_A_int=\count278
\l__sort_B_int=\count279
\l__sort_C_int=\count280
\l__tl_build_start_index_int=\count281
\l__tl_build_index_int=\count282
\l__tl_analysis_normal_int=\count283
\l__tl_analysis_index_int=\count284
\l__tl_analysis_nesting_int=\count285
\l__tl_analysis_type_int=\count286
\l__regex_internal_a_int=\count287
\l__regex_internal_b_int=\count288
\l__regex_internal_c_int=\count289
\l__regex_balance_int=\count290
\l__regex_group_level_int=\count291
\l__regex_mode_int=\count292
\c__regex_cs_in_class_mode_int=\count293
\c__regex_cs_mode_int=\count294
\l__regex_catcodes_int=\count295
\l__regex_default_catcodes_int=\count296
\c__regex_catcode_D_int=\count297
\c__regex_catcode_S_int=\count298
\c__regex_catcode_L_int=\count299
\c__regex_catcode_O_int=\count300
\c__regex_catcode_A_int=\count301
\c__regex_all_catcodes_int=\count302
\l__regex_show_lines_int=\count303
\l__regex_min_state_int=\count304
\l__regex_max_state_int=\count305
\l__regex_left_state_int=\count306
\l__regex_right_state_int=\count307
\l__regex_capturing_group_int=\count308
\l__regex_min_pos_int=\count309
\l__regex_max_pos_int=\count310
\l__regex_curr_pos_int=\count311
\l__regex_start_pos_int=\count312
\l__regex_success_pos_int=\count313
\l__regex_curr_char_int=\count314
\l__regex_curr_catcode_int=\count315
\l__regex_last_char_int=\count316
\l__regex_case_changed_char_int=\count317
\l__regex_curr_state_int=\count318
\l__regex_step_int=\count319
\l__regex_min_active_int=\count320
\l__regex_max_active_int=\count321
\l__regex_replacement_csnames_int=\count322
\l__regex_match_count_int=\count323
\l__regex_min_submatch_int=\count324
\l__regex_submatch_int=\count325
\l__regex_zeroth_submatch_int=\count326
\g__debug_trace_regex_int=\count327
\c_empty_box=\box76
\l_tmpa_box=\box77
\l_tmpb_box=\box78
\g_tmpa_box=\box79
\g_tmpb_box=\box80
\l__box_top_dim=\dimen275
\l__box_bottom_dim=\dimen276
\l__box_left_dim=\dimen277
\l__box_right_dim=\dimen278
\l__box_top_new_dim=\dimen279
\l__box_bottom_new_dim=\dimen280
\l__box_left_new_dim=\dimen281
\l__box_right_new_dim=\dimen282
\l__box_internal_box=\box81
\l__coffin_internal_box=\box82
\l__coffin_internal_dim=\dimen283
\l__coffin_offset_x_dim=\dimen284
\l__coffin_offset_y_dim=\dimen285
\l__coffin_x_dim=\dimen286
\l__coffin_y_dim=\dimen287
\l__coffin_x_prime_dim=\dimen288
\l__coffin_y_prime_dim=\dimen289
\c_empty_coffin=\box83
\l__coffin_aligned_coffin=\box84
\l__coffin_aligned_internal_coffin=\box85
\l_tmpa_coffin=\box86
\l_tmpb_coffin=\box87
\l__coffin_display_coffin=\box88
\l__coffin_display_coord_coffin=\box89
\l__coffin_display_pole_coffin=\box90
\l__coffin_display_offset_dim=\dimen290
\l__coffin_display_x_dim=\dimen291
\l__coffin_display_y_dim=\dimen292
\l__coffin_bounding_shift_dim=\dimen293
\l__coffin_left_corner_dim=\dimen294
\l__coffin_right_corner_dim=\dimen295
\l__coffin_bottom_corner_dim=\dimen296
\l__coffin_top_corner_dim=\dimen297
\l__coffin_scaled_total_height_dim=\dimen298
\l__coffin_scaled_width_dim=\dimen299
)
("C:\Program Files\MiKTeX 2.9\tex\latex\l3kernel\l3pdfmode.def"
File: l3pdfmode.def 2017/03/18 v L3 Experimental driver: PDF mode
\l__driver_color_stack_int=\count328
\l__driver_tmp_box=\box91
))
Package: xparse 2017/12/16 L3 Experimental document command parser
\l__xparse_current_arg_int=\count329
\g__xparse_grabber_int=\count330
\l__xparse_m_args_int=\count331
\l__xparse_mandatory_args_int=\count332
\l__xparse_v_nesting_int=\count333
)
("C:\Program Files\MiKTeX 2.9\tex\generic\pgf\frontendlayer\tikz\libraries\tikz
librarytrees.code.tex"
File: tikzlibrarytrees.code.tex 2008/02/24 v3.0.1a (rcs-revision 1.2)
)
("C:\Program Files\MiKTeX 2.9\tex\latex\tikzmark\tikzlibrarytikzmark.code.tex"
("C:\Program Files\MiKTeX 2.9\tex\latex\l3packages\l3keys2e\l3keys2e.sty"
Package: l3keys2e 2017/12/16 LaTeX2e option processing using LaTeX3 keys
)
\l__sn_x_dim=\dimen300
\l__sn_y_dim=\dimen301
\l__sn_xa_dim=\dimen302
\l__sn_ya_dim=\dimen303
)
("C:\Program Files\MiKTeX 2.9\tex\latex\todonotes\todonotes.sty"
Package: todonotes 2015/07/09 .dtx Todonotes source and documentation.
Package: todonotes 2012/07/25

("C:\Program Files\MiKTeX 2.9\tex\latex\tools\calc.sty"
Package: calc 2014/10/28 v4.3 Infix arithmetic (KKT,FJ)
\calc@Acount=\count334
\calc@Bcount=\count335
\calc@Adimen=\dimen304
\calc@Bdimen=\dimen305
\calc@Askip=\skip64
\calc@Bskip=\skip65
LaTeX Info: Redefining \setlength on input line 80.
LaTeX Info: Redefining \addtolength on input line 81.
\calc@Ccount=\count336
\calc@Cskip=\skip66
)
\c@@todonotes@numberoftodonotes=\count337
)
.................................................
. LaTeX info: "xparse/define-command"
. 
. Defining command \MyInfo with sig. 'O{(0,0)}O{}mmm' on line 29.
.................................................
 (Report.aux)
\openout1 = `Report.aux'.

LaTeX Font Info:    Checking defaults for OML/cmm/m/it on input line 35.
LaTeX Font Info:    ... okay on input line 35.
LaTeX Font Info:    Checking defaults for T1/cmr/m/n on input line 35.
LaTeX Font Info:    ... okay on input line 35.
LaTeX Font Info:    Checking defaults for OT1/cmr/m/n on input line 35.
LaTeX Font Info:    ... okay on input line 35.
LaTeX Font Info:    Checking defaults for OMS/cmsy/m/n on input line 35.
LaTeX Font Info:    ... okay on input line 35.
LaTeX Font Info:    Checking defaults for OMX/cmex/m/n on input line 35.
LaTeX Font Info:    ... okay on input line 35.
LaTeX Font Info:    Checking defaults for U/cmr/m/n on input line 35.
LaTeX Font Info:    ... okay on input line 35.
LaTeX Font Info:    Checking defaults for TS1/cmr/m/n on input line 35.
LaTeX Font Info:    Try loading font information for TS1+cmr on input line 35.

("C:\Program Files\MiKTeX 2.9\tex\latex\base\ts1cmr.fd"
File: ts1cmr.fd 2014/09/29 v2.5h Standard LaTeX font definitions
)
LaTeX Font Info:    ... okay on input line 35.
LaTeX Font Info:    Checking defaults for PD1/pdf/m/n on input line 35.
LaTeX Font Info:    ... okay on input line 35.

*geometry* driver: auto-detecting
*geometry* detected driver: pdftex
*geometry* verbose mode - [ preamble ] result:
* driver: pdftex
* paper: <default>
* layout: <same size as paper>
* layoutoffset:(h,v)=(0.0pt,0.0pt)
* modes: 
* h-part:(L,W,R)=(72.26999pt, 469.75502pt, 72.26999pt)
* v-part:(T,H,B)=(72.26999pt, 650.43001pt, 72.26999pt)
* \paperwidth=614.295pt
* \paperheight=794.96999pt
* \textwidth=469.75502pt
* \textheight=650.43001pt
* \oddsidemargin=0.0pt
* \evensidemargin=0.0pt
* \topmargin=-37.0pt
* \headheight=12.0pt
* \headsep=25.0pt
* \topskip=12.0pt
* \footskip=30.0pt
* \marginparwidth=44.0pt
* \marginparsep=10.0pt
* \columnsep=10.0pt
* \skip\footins=10.8pt plus 4.0pt minus 2.0pt
* \hoffset=0.0pt
* \voffset=0.0pt
* \mag=1000
* \@twocolumnfalse
* \@twosidefalse
* \@mparswitchfalse
* \@reversemarginfalse
* (1in=72.27pt=25.4mm, 1cm=28.453pt)

("C:\Program Files\MiKTeX 2.9\tex\context\base\supp-pdf.mkii"
[Loading MPS to PDF converter (version 2006.09.02).]
\scratchcounter=\count338
\scratchdimen=\dimen306
\scratchbox=\box92
\nofMPsegments=\count339
\nofMParguments=\count340
\everyMPshowfont=\toks43
\MPscratchCnt=\count341
\MPscratchDim=\dimen307
\MPnumerator=\count342
\makeMPintoPDFobject=\count343
\everyMPtoPDFconversion=\toks44
) ("C:\Program Files\MiKTeX 2.9\tex\latex\oberdiek\epstopdf-base.sty"
Package: epstopdf-base 2016/05/15 v2.6 Base part for package epstopdf

("C:\Program Files\MiKTeX 2.9\tex\latex\oberdiek\grfext.sty"
Package: grfext 2016/05/16 v1.2 Manage graphics extensions (HO)
)
Package epstopdf-base Info: Redefining graphics rule for `.eps' on input line 4
38.
Package grfext Info: Graphics extension search list:
(grfext)             [.pdf,.png,.jpg,.mps,.jpeg,.jbig2,.jb2,.PDF,.PNG,.JPG,.JPE
G,.JBIG2,.JB2,.eps]
(grfext)             \AppendGraphicsExtensions on input line 456.
)
("C:\Program Files\MiKTeX 2.9\tex\latex\ms\ragged2e.sty"
Package: ragged2e 2009/05/21 v2.1 ragged2e Package (MS)

("C:\Program Files\MiKTeX 2.9\tex\latex\ms\everysel.sty"
Package: everysel 2011/10/28 v1.2 EverySelectfont Package (MS)

ABD: EverySelectfont initializing macros
LaTeX Info: Redefining \selectfont on input line 126.
)
\CenteringLeftskip=\skip67
\RaggedLeftLeftskip=\skip68
\RaggedRightLeftskip=\skip69
\CenteringRightskip=\skip70
\RaggedLeftRightskip=\skip71
\RaggedRightRightskip=\skip72
\CenteringParfillskip=\skip73
\RaggedLeftParfillskip=\skip74
\RaggedRightParfillskip=\skip75
\JustifyingParfillskip=\skip76
\CenteringParindent=\skip77
\RaggedLeftParindent=\skip78
\RaggedRightParindent=\skip79
\JustifyingParindent=\skip80
)
\AtBeginShipoutBox=\box93
Package hyperref Info: Link coloring OFF on input line 35.

("C:\Program Files\MiKTeX 2.9\tex\latex\hyperref\nameref.sty"
Package: nameref 2016/05/21 v2.44 Cross-referencing by name of section

("C:\Program Files\MiKTeX 2.9\tex\generic\oberdiek\gettitlestring.sty"
Package: gettitlestring 2016/05/16 v1.5 Cleanup title references (HO)
)
\c@section@level=\count344
)
LaTeX Info: Redefining \ref on input line 35.
LaTeX Info: Redefining \pageref on input line 35.
LaTeX Info: Redefining \nameref on input line 35.

(Report.out) (Report.out)
\@outlinefile=\write4
\openout4 = `Report.out'.

\c@lstlisting=\count345
 ABD: EveryShipout initializing macros [1

{C:/Users/Kikina/AppData/Local/MiKTeX/2.9/pdftex/config/pdftex.map}] (Report.to
c
LaTeX Font Info:    Font shape `U/FdSymbolA/m/n' will be
(Font)              scaled to size 12.0pt on input line 8.
LaTeX Font Info:    Font shape `U/FdSymbolA/m/n' will be
(Font)              scaled to size 8.0pt on input line 8.
LaTeX Font Info:    Font shape `U/FdSymbolA/m/n' will be
(Font)              scaled to size 6.0pt on input line 8.
LaTeX Font Info:    Font shape `U/FdSymbolE/m/n' will be
(Font)              scaled to size 12.0pt on input line 8.
LaTeX Font Info:    Font shape `U/FdSymbolE/m/n' will be
(Font)              scaled to size 8.0pt on input line 8.
LaTeX Font Info:    Font shape `U/FdSymbolE/m/n' will be
(Font)              scaled to size 6.0pt on input line 8.
LaTeX Font Info:    Try loading font information for U+msa on input line 8.

("C:\Program Files\MiKTeX 2.9\tex\latex\amsfonts\umsa.fd"
File: umsa.fd 2013/01/14 v3.01 AMS symbols A
)
LaTeX Font Info:    Try loading font information for U+msb on input line 8.

("C:\Program Files\MiKTeX 2.9\tex\latex\amsfonts\umsb.fd"
File: umsb.fd 2013/01/14 v3.01 AMS symbols B
)
LaTeX Font Info:    Font shape `U/FdSymbolB/m/n' will be
(Font)              scaled to size 12.0pt on input line 8.
LaTeX Font Info:    Font shape `U/FdSymbolB/m/n' will be
(Font)              scaled to size 8.0pt on input line 8.
LaTeX Font Info:    Font shape `U/FdSymbolB/m/n' will be
(Font)              scaled to size 6.0pt on input line 8.
LaTeX Font Info:    Font shape `U/FdSymbolC/m/n' will be
(Font)              scaled to size 12.0pt on input line 8.
LaTeX Font Info:    Font shape `U/FdSymbolC/m/n' will be
(Font)              scaled to size 8.0pt on input line 8.
LaTeX Font Info:    Font shape `U/FdSymbolC/m/n' will be
(Font)              scaled to size 6.0pt on input line 8.
LaTeX Font Info:    Font shape `U/FdSymbolD/m/n' will be
(Font)              scaled to size 12.0pt on input line 8.
LaTeX Font Info:    Font shape `U/FdSymbolD/m/n' will be
(Font)              scaled to size 8.0pt on input line 8.
LaTeX Font Info:    Font shape `U/FdSymbolD/m/n' will be
(Font)              scaled to size 6.0pt on input line 8.
LaTeX Font Info:    Font shape `U/FdSymbolF/m/n' will be
(Font)              scaled to size 12.0pt on input line 8.
LaTeX Font Info:    Font shape `U/FdSymbolF/m/n' will be
(Font)              scaled to size 8.0pt on input line 8.
LaTeX Font Info:    Font shape `U/FdSymbolF/m/n' will be
(Font)              scaled to size 6.0pt on input line 8.
)
\tf@toc=\write5
\openout5 = `Report.toc'.

pdfTeX warning (ext4): destination with the same identifier (name{page.1}) has 
been already used, duplicate ignored
<to be read again> 
                   \relax 
l.54 	\newpage
              \vspace*{\fill} [1] [2] [3

]pdfTeX warning (ext4): destination with the same identifier (name{page.1}) has
 been already used, duplicate ignored
<to be read again> 
                   \relax 
l.103 	
        [1

]pdfTeX warning (ext4): destination with the same identifier (name{page.2}) has
 been already used, duplicate ignored
<to be read again> 
                   \relax 
l.111 	\clearpage
                 \section{Literature Review}\label{sec2} [2]
Underfull \hbox (badness 10000) in paragraph at lines 119--120

 []


Underfull \hbox (badness 10000) in paragraph at lines 119--120

 []


Underfull \hbox (badness 10000) in paragraph at lines 119--120

 []


Underfull \hbox (badness 10000) in paragraph at lines 119--120

 []


LaTeX Font Warning: Command \Large invalid in math mode on input line 120.

LaTeX Font Info:    Font shape `U/FdSymbolA/m/n' will be
(Font)              scaled to size 10.0pt on input line 123.
LaTeX Font Info:    Font shape `U/FdSymbolA/m/n' will be
(Font)              scaled to size 7.0pt on input line 123.
LaTeX Font Info:    Font shape `U/FdSymbolA/m/n' will be
(Font)              scaled to size 5.0pt on input line 123.
LaTeX Font Info:    Font shape `U/FdSymbolE/m/n' will be
(Font)              scaled to size 10.0pt on input line 123.
LaTeX Font Info:    Font shape `U/FdSymbolE/m/n' will be
(Font)              scaled to size 7.0pt on input line 123.
LaTeX Font Info:    Font shape `U/FdSymbolE/m/n' will be
(Font)              scaled to size 5.0pt on input line 123.
LaTeX Font Info:    Font shape `U/FdSymbolB/m/n' will be
(Font)              scaled to size 10.0pt on input line 123.
LaTeX Font Info:    Font shape `U/FdSymbolB/m/n' will be
(Font)              scaled to size 7.0pt on input line 123.
LaTeX Font Info:    Font shape `U/FdSymbolB/m/n' will be
(Font)              scaled to size 5.0pt on input line 123.
LaTeX Font Info:    Font shape `U/FdSymbolC/m/n' will be
(Font)              scaled to size 10.0pt on input line 123.
LaTeX Font Info:    Font shape `U/FdSymbolC/m/n' will be
(Font)              scaled to size 7.0pt on input line 123.
LaTeX Font Info:    Font shape `U/FdSymbolC/m/n' will be
(Font)              scaled to size 5.0pt on input line 123.
LaTeX Font Info:    Font shape `U/FdSymbolD/m/n' will be
(Font)              scaled to size 10.0pt on input line 123.
LaTeX Font Info:    Font shape `U/FdSymbolD/m/n' will be
(Font)              scaled to size 7.0pt on input line 123.
LaTeX Font Info:    Font shape `U/FdSymbolD/m/n' will be
(Font)              scaled to size 5.0pt on input line 123.
LaTeX Font Info:    Font shape `U/FdSymbolF/m/n' will be
(Font)              scaled to size 10.0pt on input line 123.
LaTeX Font Info:    Font shape `U/FdSymbolF/m/n' will be
(Font)              scaled to size 7.0pt on input line 123.
LaTeX Font Info:    Font shape `U/FdSymbolF/m/n' will be
(Font)              scaled to size 5.0pt on input line 123.

Underfull \hbox (badness 10000) in paragraph at lines 120--130

 []


Underfull \hbox (badness 10000) in paragraph at lines 120--130

 []


Underfull \hbox (badness 10000) in paragraph at lines 120--130

 []

pdfTeX warning (ext4): destination with the same identifier (name{page.3}) has 
been already used, duplicate ignored
<to be read again> 
                   \relax 
l.131 		\newpage
                \subsection{O-machines} [3

]
Underfull \hbox (badness 10000) in paragraph at lines 132--133

 []

<./figures/art.jpg, id=231, 803.0pt x 534.99875pt>
File: ./figures/art.jpg Graphic file (type jpg)
<use ./figures/art.jpg>
Package pdftex.def Info: ./figures/art.jpg  used on input line 136. on input li
ne 136.
Package pdftex.def Info: Requested size: 281.85587pt x 187.79115pt on input lin
e 136.
[4 <./figures/art.jpg>]
Underfull \hbox (badness 10000) in paragraph at lines 151--152
[]\OT1/cmr/m/n/12 Responsible
 []


Underfull \hbox (badness 10000) in paragraph at lines 151--152

 []


Underfull \hbox (badness 10000) in paragraph at lines 151--152

 []


Underfull \hbox (badness 10000) in paragraph at lines 151--152

 []

LaTeX Font Info:    Font shape `OT1/cmtt/bx/n' in size <12> not available
(Font)              Font shape `OT1/cmtt/m/n' tried instead on input line 158.

Underfull \hbox (badness 10000) in paragraph at lines 167--168

 []


Underfull \hbox (badness 10000) in paragraph at lines 169--170

 []

[5

]
Underfull \hbox (badness 1817) in paragraph at lines 191--191
[][]\OT1/cmr/m/n/12 : []|Granularity lev-els of so-cial
 []


Underfull \hbox (badness 1360) in paragraph at lines 191--191
\OT1/cmr/m/n/12 us-ing \OT1/cmr/m/it/12 Ser-vices \OT1/cmr/m/n/12 built upon \O
T1/cmr/m/it/12 Frame-works
 []

[6] [7] [8

] [9]
Underfull \hbox (badness 1168) in paragraph at lines 279--280
[]|\OT1/cmr/m/n/12 Full hi-er-ar-chi-cal spec-i-fi-ca-tion in-
 []


Underfull \hbox (badness 1087) in paragraph at lines 280--281
[]|\OT1/cmr/m/n/12 Including all com-po-nents as be-
 []

[10

] [11

] [12]
Overfull \hbox (4.44867pt too wide) in paragraph at lines 317--317
[]|\OT1/cmr/bx/n/8 Language| 
 []


Underfull \hbox (badness 10000) in paragraph at lines 319--320
[]|\OT1/cmr/m/n/8 Educational soft-
 []


Underfull \hbox (badness 10000) in paragraph at lines 319--320
\OT1/cmr/m/n/8 The cre-ator has
 []


Underfull \hbox (badness 7888) in paragraph at lines 319--320
\OT1/cmr/m/n/8 an ACM Dis-tin-
 []


Underfull \hbox (badness 2846) in paragraph at lines 321--322
\OT1/cmr/m/n/8 1996 but still
 []


Underfull \hbox (badness 4479) in paragraph at lines 321--322
\OT1/cmr/m/n/8 the lat-est re-
 []


Underfull \hbox (badness 6978) in paragraph at lines 321--322
\OT1/cmr/m/n/8 lease is from
 []


Underfull \hbox (badness 5667) in paragraph at lines 321--322
\OT1/cmr/m/n/8 2018, run-ning
 []


Underfull \hbox (badness 3884) in paragraph at lines 322--323
\OT1/cmr/m/n/8 top-ics on au-
 []


Underfull \hbox (badness 10000) in paragraph at lines 323--324
[]|\OT1/cmr/m/n/8 Dedicated
 []


Underfull \hbox (badness 10000) in paragraph at lines 323--324
\OT1/cmr/m/n/8 web-site,
 []


Underfull \hbox (badness 2020) in paragraph at lines 323--324
\OT1/cmr/m/n/8 books, pa-
 []


Underfull \hbox (badness 10000) in paragraph at lines 324--324
[]|\OT1/cmr/m/n/8 Comprehensive
 []


Underfull \hbox (badness 10000) in paragraph at lines 326--326
[]|\OT1/cmr/m/n/8 Written in
 []


Underfull \hbox (badness 10000) in paragraph at lines 327--327
[]|\OT1/cmr/m/n/8 Custom .tm
 []


Underfull \hbox (badness 10000) in paragraph at lines 327--327
\OT1/cmr/m/n/8 files; Ex-port-
 []


Underfull \hbox (badness 6658) in paragraph at lines 327--327
\OT1/cmr/m/n/8 ing ta-bles to
 []


Underfull \hbox (badness 10000) in paragraph at lines 327--327
\OT1/cmr/m/n/8 his-tory and
 []


Underfull \hbox (badness 10000) in paragraph at lines 327--327
\OT1/cmr/m/n/8 break states,
 []


Underfull \hbox (badness 7814) in paragraph at lines 327--327
\OT1/cmr/m/n/8 Console mode
 []


Underfull \hbox (badness 10000) in paragraph at lines 327--327
[]|\OT1/cmr/m/n/8 Dedicated
 []


Underfull \hbox (badness 10000) in paragraph at lines 327--327
\OT1/cmr/m/n/8 web-site
 []


Underfull \hbox (badness 10000) in paragraph at lines 327--327
\OT1/cmr/m/n/8 with FAQ
 []


Underfull \hbox (badness 10000) in paragraph at lines 327--327
\OT1/cmr/m/n/8 and a
 []


Underfull \hbox (badness 1546) in paragraph at lines 328--329
[]|\OT1/cmr/m/it/8 Owen's Tur-ing
 []


Underfull \hbox (badness 3179) in paragraph at lines 329--330
\OT1/cmr/m/n/8 while work-ing on
 []


Underfull \hbox (badness 2894) in paragraph at lines 329--330
\OT1/cmr/m/n/8 the `Busy Beaver
 []


Underfull \hbox (badness 1242) in paragraph at lines 330--330
\OT1/cmr/m/n/8 to file prop-er-
 []


Underfull \hbox (badness 1168) in paragraph at lines 330--330
\OT1/cmr/m/n/8 tion of a TM
 []


Underfull \hbox (badness 10000) in paragraph at lines 330--330
\OT1/cmr/m/n/8 Custom .tmo
 []


Underfull \hbox (badness 10000) in paragraph at lines 330--330
[]|\OT1/cmr/m/n/8 It seems to
 []


Underfull \hbox (badness 4291) in paragraph at lines 332--332
[]|\OT1/cmr/m/n/8 The only project
 []


Underfull \hbox (badness 2277) in paragraph at lines 332--332
\OT1/cmr/m/n/8 eral re-cent down-
 []


Underfull \hbox (badness 10000) in paragraph at lines 332--332
[]|\OT1/cmr/m/n/8 Last mod-i-fied
 []


Underfull \hbox (badness 10000) in paragraph at lines 332--332
[]|\OT1/cmtt/m/n/8 Help \OT1/cmr/m/n/8 tab
 []


Underfull \hbox (badness 6708) in paragraph at lines 332--332
\OT1/cmr/m/n/8 very short
 []


Underfull \hbox (badness 4556) in paragraph at lines 332--332
[]|\OT1/cmr/m/n/8 Screenshots of
 []


Underfull \hbox (badness 10000) in paragraph at lines 332--332
\OT1/cmr/m/n/8 Win-dows XP;
 []


Overfull \hbox (8.52722pt too wide) in paragraph at lines 333--334
[]|\OT1/cmr/m/it/8 TMSimulator \OT1/cmr/m/n/8 [[]]| 
 []


Underfull \hbox (badness 7168) in paragraph at lines 334--334
\OT1/cmr/m/n/8 uni-ver-sity of Vi-
 []


Underfull \hbox (badness 10000) in paragraph at lines 334--334
\OT1/cmr/m/n/8 Last mod-i-fied
 []


Underfull \hbox (badness 10000) in paragraph at lines 334--334
[]|\OT1/cmr/m/n/8 A readme
 []


Underfull \hbox (badness 1565) in paragraph at lines 334--334
\OT1/cmr/m/n/8 UI in JavaFX
 []


Underfull \hbox (badness 10000) in paragraph at lines 334--334
\OT1/cmr/m/n/8 in-stead of
 []


Underfull \hbox (badness 3039) in paragraph at lines 334--334
\OT1/cmr/m/n/8 Swing. Lots
 []


Underfull \hbox (badness 2245) in paragraph at lines 334--334
\OT1/cmr/m/n/8 of typ-ing and
 []


Underfull \hbox (badness 7238) in paragraph at lines 336--337
\OT1/cmr/m/n/8 gram-ming project
 []


Underfull \hbox (badness 3396) in paragraph at lines 336--337
\OT1/cmr/m/n/8 at the Uni-ver-sity
 []


Underfull \hbox (badness 10000) in paragraph at lines 337--337
[]|\OT1/cmr/m/n/8 Last mod-i-fied
 []


Overfull \hbox (1.6271pt too wide) in paragraph at lines 337--337
[]|\OT1/cmr/m/n/8 SourceForge
 []


Underfull \hbox (badness 10000) in paragraph at lines 337--337
\OT1/cmr/m/n/8 hosted
 []


Underfull \hbox (badness 10000) in paragraph at lines 337--337
\OT1/cmr/m/n/8 web-site,
 []


Underfull \hbox (badness 10000) in paragraph at lines 337--337
\OT1/cmr/m/n/8 func-tion
 []


Underfull \hbox (badness 10000) in paragraph at lines 337--337
\OT1/cmr/m/n/8 the app,
 []


Underfull \hbox (badness 10000) in paragraph at lines 337--337
\OT1/cmr/m/n/8 Ger-man
 []


Underfull \hbox (badness 10000) in paragraph at lines 337--337
\OT1/cmr/m/n/8 doc-u-men-
 []


Underfull \hbox (badness 10000) in paragraph at lines 337--337
[]|\OT1/cmr/m/n/8 The only
 []


Underfull \hbox (badness 1533) in paragraph at lines 337--337
\OT1/cmr/m/n/8 project in the
 []


Underfull \hbox (badness 10000) in paragraph at lines 337--337
\OT1/cmr/m/n/8 a cus-tomised
 []


Underfull \hbox (badness 2884) in paragraph at lines 339--339
\OT1/cmr/m/n/8 project, ac-cord-ing
 []


Overfull \hbox (2.70862pt too wide) in paragraph at lines 339--339
[]|\OT1/cmr/m/n/8 JavaScript 
 []


Underfull \hbox (badness 10000) in paragraph at lines 339--339
[]|\OT1/cmr/m/n/8 Runtime ad-
 []


Underfull \hbox (badness 6775) in paragraph at lines 339--339
\OT1/cmr/m/n/8 justable sim-u-
 []


Underfull \hbox (badness 10000) in paragraph at lines 339--339
[]|\OT1/cmr/m/n/8 Tutorial
 []


Underfull \hbox (badness 10000) in paragraph at lines 339--339
\OT1/cmr/m/n/8 PDFs,
 []


Underfull \hbox (badness 10000) in paragraph at lines 339--339
\OT1/cmr/m/n/8 ex-am-ple
 []


Underfull \hbox (badness 10000) in paragraph at lines 341--342
\OT1/cmr/m/n/8 e-mat-ics tu-tor
 []


Underfull \hbox (badness 10000) in paragraph at lines 341--342
\OT1/cmr/m/n/8 and lec-turer at
 []


Underfull \hbox (badness 4242) in paragraph at lines 341--342
\OT1/cmr/m/n/8 the Uni-ver-sity of
 []


Overfull \hbox (2.70862pt too wide) in paragraph at lines 342--342
[]|\OT1/cmr/m/n/8 JavaScript 
 []


Underfull \hbox (badness 10000) in paragraph at lines 342--342
[]|\OT1/cmr/m/n/8 Initially com-
 []


Underfull \hbox (badness 1960) in paragraph at lines 342--342
\OT1/cmr/m/n/8 Latest com-mit
 []


Underfull \hbox (badness 10000) in paragraph at lines 342--342
\OT1/cmr/m/n/8 files; saved
 []


Underfull \hbox (badness 10000) in paragraph at lines 342--342
\OT1/cmr/m/n/8 ma-chines are
 []


Underfull \hbox (badness 10000) in paragraph at lines 342--342
[]|\OT1/cmr/m/n/8 Syntax
 []


Underfull \hbox (badness 10000) in paragraph at lines 342--342
\OT1/cmr/m/n/8 ex-pla-na-
 []


Underfull \hbox (badness 10000) in paragraph at lines 342--342
\OT1/cmr/m/n/8 ex-am-ple
 []


Underfull \hbox (badness 3679) in paragraph at lines 344--345
[]|\OT1/cmr/m/n/8 Made by a staff
 []


Underfull \hbox (badness 10000) in paragraph at lines 344--345
\OT1/cmr/m/n/8 mem-ber of Ho-
 []


Underfull \hbox (badness 2088) in paragraph at lines 344--345
\OT1/cmr/m/n/8 bart and William
 []


Underfull \hbox (badness 10000) in paragraph at lines 344--345
\OT1/cmr/m/n/8 Smith Col-leges,
 []


Underfull \hbox (badness 10000) in paragraph at lines 344--345
\OT1/cmr/m/n/8 De-part-ment of
 []


Underfull \hbox (badness 10000) in paragraph at lines 344--345
\OT1/cmr/m/n/8 Math-e-mat-ics and
 []


Underfull \hbox (badness 10000) in paragraph at lines 345--345
[]|\OT1/cmr/m/n/8 Original Java
 []


Underfull \hbox (badness 10000) in paragraph at lines 345--345
\OT1/cmr/m/n/8 im-ple-men-ta-
 []


Underfull \hbox (badness 10000) in paragraph at lines 345--345
[]|\OT1/cmr/m/n/8 Hard-coded
 []


Underfull \hbox (badness 10000) in paragraph at lines 345--345
\OT1/cmr/m/n/8 sam-ple ma-
 []


Underfull \hbox (badness 10000) in paragraph at lines 347--347
[]|\OT1/cmr/m/n/8 Last mod-i-fied
 []


Underfull \hbox (badness 10000) in paragraph at lines 347--347
[]|\OT1/cmr/m/n/8 Not even
 []


Underfull \hbox (badness 10000) in paragraph at lines 347--347
\OT1/cmr/m/n/8 Variable and
 []


Underfull \hbox (badness 6284) in paragraph at lines 347--347
\OT1/cmr/m/n/8 func-tion nam-
 []


LaTeX Warning: Float too large for page by 1.0031pt on input line 349.


LaTeX Warning: `!h' float specifier changed to `!ht'.

[13]
Overfull \hbox (35.37392pt too wide) in paragraph at lines 357--364
\OT1/cmtt/m/n/12 javax.swing.JPanel\OT1/cmr/m/n/12 , all of which is con-tained
 within a \OT1/cmtt/m/n/12 gui.environment.AutomatonEnvironment
 []

[14


]
<./figures/lie-omega-bb.png, id=376, 653.44125pt x 467.7475pt>
File: ./figures/lie-omega-bb.png Graphic file (type png)
<use ./figures/lie-omega-bb.png>
Package pdftex.def Info: ./figures/lie-omega-bb.png  used on input line 377. on
 input line 377.
Package pdftex.def Info: Requested size: 234.8775pt x 168.12488pt on input line
 377.

Underfull \hbox (badness 10000) in paragraph at lines 374--380

 []

[15 <./figures/lie-omega-bb.png>]
("C:\Program Files\MiKTeX 2.9\tex\latex\listings\lstlang1.sty"
File: lstlang1.sty 2015/06/04 1.6 listings language file
)
("C:\Program Files\MiKTeX 2.9\tex\latex\listings\lstmisc.sty"
File: lstmisc.sty 2015/06/04 1.6 (Carsten Heinz)
)
Package hyperref Info: bookmark level for unknown lstlisting defaults to 0 on i
nput line 410.

(figures/binary-TM.jff
LaTeX Font Info:    Try loading font information for OML+cmr on input line 1.
 ("C:\Program Files\MiKTeX 2.9\tex\latex\base\omlcmr.fd"
File: omlcmr.fd 2014/09/29 v2.5h Standard LaTeX font definitions
)
LaTeX Font Info:    Font shape `OML/cmr/m/n' in size <6> not available
(Font)              Font shape `OML/cmm/m/it' tried instead on input line 1.
) [16

] (figures/binary-Omega.jff) [17] [18

]
Overfull \hbox (50.74214pt too wide) in paragraph at lines 434--440
\OT1/cmr/m/n/12 states. Luck-ily, this \OT1/cmtt/m/n/12 ConfigurationController
 \OT1/cmr/m/n/12 uses the more stan-dard-ised \OT1/cmtt/m/n/12 automata.Configu
ration
 []


Underfull \hbox (badness 10000) in paragraph at lines 449--449
[][][]\OT1/cmr/m/n/10 Required li-braries are: \OT1/cmtt/m/n/10 batik-dom-1.7.j
ar\OT1/cmr/m/n/10 , \OT1/cmtt/m/n/10 batik-svg-dom-1.7.jar\OT1/cmr/m/n/10 ,
 []


Underfull \hbox (badness 10000) in paragraph at lines 449--449
\OT1/cmtt/m/n/10 org.apache.batik.ext.awt.1.6.0-20081006.jar\OT1/cmr/m/n/10 , \
OT1/cmtt/m/n/10 org.apache.batik.svggen-1.6.0-20081006.jar
 []

[19]
<./figures/messy-tapes.png, id=599, 588.1975pt x 483.8075pt>
File: ./figures/messy-tapes.png Graphic file (type png)
<use ./figures/messy-tapes.png>
Package pdftex.def Info: ./figures/messy-tapes.png  used on input line 463. on 
input line 463.
Package pdftex.def Info: Requested size: 258.36668pt x 212.51422pt on input lin
e 463.

Underfull \hbox (badness 10000) in paragraph at lines 465--465
[][]\OT1/cmr/m/n/12 :
 []


Underfull \hbox (badness 10000) in paragraph at lines 465--465
\OT1/cmr/m/n/12 T-machine,
 []


Underfull \hbox (badness 10000) in paragraph at lines 465--465
\OT1/cmr/m/n/12 states, the
 []


Underfull \hbox (badness 6001) in paragraph at lines 465--465
\OT1/cmr/m/n/12 is ob-scured
 []


Underfull \hbox (badness 10000) in paragraph at lines 465--465
\OT1/cmr/m/n/12 by the
 []


Underfull \hbox (badness 10000) in paragraph at lines 465--465
\OT1/cmr/m/n/12 tran-si-tion
 []

[20 <./figures/messy-tapes.png (PNG copy)>] [21]
<./figures/scenario-lie-tm.png, id=618, 588.1975pt x 479.7925pt>
File: ./figures/scenario-lie-tm.png Graphic file (type png)
<use ./figures/scenario-lie-tm.png>
Package pdftex.def Info: ./figures/scenario-lie-tm.png  used on input line 490.
 on input line 490.
Package pdftex.def Info: Requested size: 164.49829pt x 134.17992pt on input lin
e 490.
<./figures/scenario-lie-omega.png, id=619, 588.1975pt x 479.7925pt>
File: ./figures/scenario-lie-omega.png Graphic file (type png)
<use ./figures/scenario-lie-omega.png>
Package pdftex.def Info: ./figures/scenario-lie-omega.png  used on input line 4
92. on input line 492.
Package pdftex.def Info: Requested size: 164.49829pt x 134.17992pt on input lin
e 492.
 [22

 <./figures/scenario-lie-tm.png (PNG copy)> <./figures/scenario-lie-omega.png (
PNG copy)>]
<./figures/scenario-col-tm.png, id=627, 588.1975pt x 479.7925pt>
File: ./figures/scenario-col-tm.png Graphic file (type png)
<use ./figures/scenario-col-tm.png>
Package pdftex.def Info: ./figures/scenario-col-tm.png  used on input line 504.
 on input line 504.
Package pdftex.def Info: Requested size: 211.4978pt x 172.52017pt on input line
 504.
<./figures/scenario-col-omega.png, id=628, 588.1975pt x 479.7925pt>
File: ./figures/scenario-col-omega.png Graphic file (type png)
<use ./figures/scenario-col-omega.png>
Package pdftex.def Info: ./figures/scenario-col-omega.png  used on input line 5
06. on input line 506.
Package pdftex.def Info: Requested size: 211.4978pt x 172.52017pt on input line
 506.
 [23

 <./figures/scenario-col-tm.png (PNG copy)> <./figures/scenario-col-omega.png (
PNG copy)>]
<./figures/scenario-rum-tm.png, id=636, 943.525pt x 712.6625pt>
File: ./figures/scenario-rum-tm.png Graphic file (type png)
<use ./figures/scenario-rum-tm.png>
Package pdftex.def Info: ./figures/scenario-rum-tm.png  used on input line 523.
 on input line 523.
Package pdftex.def Info: Requested size: 211.4978pt x 159.74405pt on input line
 523.
<./figures/scenario-rum-omega.png, id=637, 588.1975pt x 479.7925pt>
File: ./figures/scenario-rum-omega.png Graphic file (type png)
<use ./figures/scenario-rum-omega.png>
Package pdftex.def Info: ./figures/scenario-rum-omega.png  used on input line 5
25. on input line 525.
Package pdftex.def Info: Requested size: 211.4978pt x 172.52017pt on input line
 525.

[24

 <./figures/scenario-rum-tm.png (PNG copy)> <./figures/scenario-rum-omega.png (
PNG copy)>] [25]
LaTeX Font Info:    Font shape `U/FdSymbolA/m/n' will be
(Font)              scaled to size 10.95pt on input line 552.
LaTeX Font Info:    Font shape `U/FdSymbolE/m/n' will be
(Font)              scaled to size 10.95pt on input line 552.
LaTeX Font Info:    Font shape `U/FdSymbolB/m/n' will be
(Font)              scaled to size 10.95pt on input line 552.
LaTeX Font Info:    Font shape `U/FdSymbolC/m/n' will be
(Font)              scaled to size 10.95pt on input line 552.
LaTeX Font Info:    Font shape `U/FdSymbolD/m/n' will be
(Font)              scaled to size 10.95pt on input line 552.
LaTeX Font Info:    Font shape `U/FdSymbolF/m/n' will be
(Font)              scaled to size 10.95pt on input line 552.
LaTeX Font Info:    Font shape `U/FdSymbolA/m/n' will be
(Font)              scaled to size 17.28pt on input line 555.
LaTeX Font Info:    Font shape `U/FdSymbolE/m/n' will be
(Font)              scaled to size 17.28pt on input line 555.
LaTeX Font Info:    Font shape `U/FdSymbolB/m/n' will be
(Font)              scaled to size 17.28pt on input line 555.
LaTeX Font Info:    Font shape `U/FdSymbolC/m/n' will be
(Font)              scaled to size 17.28pt on input line 555.
LaTeX Font Info:    Font shape `U/FdSymbolD/m/n' will be
(Font)              scaled to size 17.28pt on input line 555.
LaTeX Font Info:    Font shape `U/FdSymbolF/m/n' will be
(Font)              scaled to size 17.28pt on input line 555.

Underfull \hbox (badness 2173) in paragraph at lines 561--561
[]|\OT1/cmr/m/n/10.95 Enable con-nec-tions be-tween
 []

[26

] [27

] [28

] (Report.bbl
Underfull \hbox (badness 10000) in paragraph at lines 32--36
[]\OT1/cmr/m/n/12 T. Gauld, ``Tur-ing's or-a-cle: The com-puter that goes be-yo
nd
 []


Underfull \hbox (badness 10000) in paragraph at lines 32--36
\OT1/cmr/m/n/12 logic.'' [On-line]. Avail-able: []$\OT1/cmtt/m/n/12 https : / /
 www . newscientist . com / article /
 []


Underfull \hbox (badness 10000) in paragraph at lines 32--36
\OT1/cmtt/m/n/12 mg22329780-[]400-[]turings-[]oracle-[]the-[]computer-[]that-[]
goes-[]beyond-[]logic/$[]\OT1/cmr/m/n/12 ,
 []

[29]
Missing character: There is no  in font cmr12!
Missing character: There is no  in font cmr12!
Missing character: There is no  in font cmr12!
Missing character: There is no  in font cmr12!
Missing character: There is no  in font cmr12!

Underfull \hbox (badness 1661) in paragraph at lines 129--131
[]\OT1/cmr/m/n/12 M. Ugarte, ``On-line tur-ing ma-chine sim-u-la-tor.'' [On-lin
e]. Avail-able: []$\OT1/cmtt/m/n/12 https : / /
 []

[30]
Underfull \hbox (badness 10000) in paragraph at lines 154--157
\OT1/cmtt/m/n/12 www . oracle . com / technetwork / java / javase / downloads /
 jdk8-[]downloads-[]2133151 .
 []

) [31]
Overfull \hbox (0.74365pt too wide) in paragraph at lines 612--612
 []|\OT1/cmr/bx/n/10 Risk| 
 []


Overfull \hbox (9.75844pt too wide) in paragraph at lines 610--619
 [][] 
 []


Overfull \hbox (9.75844pt too wide) in paragraph at lines 626--633
 [][] 
 []


Overfull \hbox (9.75844pt too wide) in paragraph at lines 640--650
 [][] 
 []


LaTeX Warning: `!h' float specifier changed to `!ht'.

[32]

LaTeX Warning: No positions in optional float specifier.
               Default added (so using `tbp') on input line 663.


Overfull \hbox (58.76678pt too wide) in paragraph at lines 739--740
 [][] 
 []

<./figures/rum-tm-trace.png, id=727, 825.0825pt x 633.36626pt>
File: ./figures/rum-tm-trace.png Graphic file (type png)
<use ./figures/rum-tm-trace.png>
Package pdftex.def Info: ./figures/rum-tm-trace.png  used on input line 747. on
 input line 747.
Package pdftex.def Info: Requested size: 469.75502pt x 360.60695pt on input lin
e 747.
[33] [34]
<./figures/lie-tm-trace.png, id=738, 370.38374pt x 485.815pt>
File: ./figures/lie-tm-trace.png Graphic file (type png)
<use ./figures/lie-tm-trace.png>
Package pdftex.def Info: ./figures/lie-tm-trace.png  used on input line 749. on
 input line 749.
Package pdftex.def Info: Requested size: 187.89914pt x 246.45769pt on input lin
e 749.
<./figures/brief.png, id=739, 1660.2025pt x 2347.77126pt>
File: ./figures/brief.png Graphic file (type png)
<use ./figures/brief.png>
Package pdftex.def Info: ./figures/brief.png  used on input line 752. on input 
line 752.
Package pdftex.def Info: Requested size: 469.75502pt x 664.28552pt on input lin
e 752.
 [35 <./figures/rum-tm-trace.png (PNG copy)> <./figures/lie-tm-trace.png (PNG c
opy)>] [36]
Overfull \vbox (37.4055pt too high) has occurred while \output is active []


[37 <./figures/brief.png>]
Package atveryend Info: Empty hook `BeforeClearDocument' on input line 754.
Package atveryend Info: Empty hook `AfterLastShipout' on input line 754.
 (Report.aux)
Package atveryend Info: Executing hook `AtVeryEndDocument' on input line 754.
Package atveryend Info: Executing hook `AtEndAfterFileList' on input line 754.
Package rerunfilecheck Info: File `Report.out' has not changed.
(rerunfilecheck)             Checksum: 2E243C3EEAE2AD86D0D0578546878070;1931.
 ) 
Here is how much of TeX's memory you used:
 32993 strings out of 493312
 628268 string characters out of 3138896
 984840 words of memory out of 3000000
 35720 multiletter control sequences out of 15000+200000
 557991 words of font info for 120 fonts, out of 3000000 for 9000
 1141 hyphenation exceptions out of 8191
 62i,15n,85p,10376b,1300s stack positions out of 5000i,500n,10000p,200000b,50000s
 <C:\Users\Kikina\AppData\Local\MiKTeX\2.9\fonts\pk\ljfour\public\fdsymbol\dp
i1037\FdSymbolB-Book.pk> <C:\Users\Kikina\AppData\Local\MiKTeX\2.9\fonts\pk\ljf
our\public\fdsymbol\dpi360\FdSymbolA-Book.pk> <C:\Users\Kikina\AppData\Local\Mi
KTeX\2.9\fonts\pk\ljfour\public\fdsymbol\dpi720\FdSymbolA-Book.pk> <C:\Users\Ki
kina\AppData\Local\MiKTeX\2.9\fonts\pk\ljfour\public\fdsymbol\dpi480\FdSymbolF-
Book.pk> <C:\Users\Kikina\AppData\Local\MiKTeX\2.9\fonts\pk\ljfour\public\fdsym
bol\dpi480\FdSymbolB-Book.pk> <C:\Users\Kikina\AppData\Local\MiKTeX\2.9\fonts\p
k\ljfour\jknappen\ec\dpi600\tcrm1200.pk> <C:\Users\Kikina\AppData\Local\MiKTeX\
2.9\fonts\pk\ljfour\public\fdsymbol\dpi600\FdSymbolC-Book.pk> <C:\Users\Kikina\
AppData\Local\MiKTeX\2.9\fonts\pk\ljfour\public\fdsymbol\dpi600\FdSymbolA-Book.
pk> <C:\Users\Kikina\AppData\Local\MiKTeX\2.9\fonts\pk\ljfour\public\fdsymbol\d
pi600\FdSymbolF-Book.pk> <C:\Users\Kikina\AppData\Local\MiKTeX\2.9\fonts\pk\ljf
our\public\fdsymbol\dpi600\FdSymbolB-Book.pk> <C:\Users\Kikina\AppData\Local\Mi
KTeX\2.9\fonts\pk\ljfour\public\fdsymbol\dpi720\FdSymbolF-Book.pk> <C:\Users\Ki
kina\AppData\Local\MiKTeX\2.9\fonts\pk\ljfour\public\fdsymbol\dpi720\FdSymbolB-
Book.pk><C:/Program Files/MiKTeX 2.9/fonts/type1/public/amsfonts/cm/cmbx10.pfb>
<C:/Program Files/MiKTeX 2.9/fonts/type1/public/amsfonts/cm/cmbx12.pfb><C:/Prog
ram Files/MiKTeX 2.9/fonts/type1/public/amsfonts/cm/cmbx6.pfb><C:/Program Files
/MiKTeX 2.9/fonts/type1/public/amsfonts/cm/cmbx8.pfb><C:/Program Files/MiKTeX 2
.9/fonts/type1/public/amsfonts/cm/cmcsc10.pfb><C:/Program Files/MiKTeX 2.9/font
s/type1/public/amsfonts/cm/cmmi10.pfb><C:/Program Files/MiKTeX 2.9/fonts/type1/
public/amsfonts/cm/cmmi12.pfb><C:/Program Files/MiKTeX 2.9/fonts/type1/public/a
msfonts/cm/cmmi6.pfb><C:/Program Files/MiKTeX 2.9/fonts/type1/public/amsfonts/c
m/cmmi8.pfb><C:/Program Files/MiKTeX 2.9/fonts/type1/public/amsfonts/cm/cmr10.p
fb><C:/Program Files/MiKTeX 2.9/fonts/type1/public/amsfonts/cm/cmr12.pfb><C:/Pr
ogram Files/MiKTeX 2.9/fonts/type1/public/amsfonts/cm/cmr17.pfb><C:/Program Fil
es/MiKTeX 2.9/fonts/type1/public/amsfonts/cm/cmr6.pfb><C:/Program Files/MiKTeX 
2.9/fonts/type1/public/amsfonts/cm/cmr7.pfb><C:/Program Files/MiKTeX 2.9/fonts/
type1/public/amsfonts/cm/cmr8.pfb><C:/Program Files/MiKTeX 2.9/fonts/type1/publ
ic/amsfonts/cm/cmti10.pfb><C:/Program Files/MiKTeX 2.9/fonts/type1/public/amsfo
nts/cm/cmti12.pfb><C:/Program Files/MiKTeX 2.9/fonts/type1/public/amsfonts/cm/c
mti7.pfb><C:/Program Files/MiKTeX 2.9/fonts/type1/public/amsfonts/cm/cmti8.pfb>
<C:/Program Files/MiKTeX 2.9/fonts/type1/public/amsfonts/cm/cmtt10.pfb><C:/Prog
ram Files/MiKTeX 2.9/fonts/type1/public/amsfonts/cm/cmtt12.pfb><C:/Program File
s/MiKTeX 2.9/fonts/type1/public/amsfonts/cm/cmtt8.pfb><C:/Program Files/MiKTeX 
2.9/fonts/type1/public/amsfonts/symbols/msbm10.pfb><C:/Program Files/MiKTeX 2.9
/fonts/type1/urw/zapfding/uzdr.pfb>
Output written on Report.pdf (41 pages, 1010631 bytes).
PDF statistics:
 959 PDF objects out of 1000 (max. 8388607)
 323 named destinations out of 1000 (max. 500000)
 313 words of extra memory for PDF output out of 10000 (max. 10000000)

