\BOOKMARK [1][-]{section.1}{Introduction}{}% 1
\BOOKMARK [1][-]{section.2}{Literature Review}{}% 2
\BOOKMARK [2][-]{subsection.2.1}{Turing Machines}{section.2}% 3
\BOOKMARK [2][-]{subsection.2.2}{O-machines}{section.2}% 4
\BOOKMARK [2][-]{subsection.2.3}{Social Machines}{section.2}% 5
\BOOKMARK [3][-]{subsubsection.2.3.1}{Social Machine and Computation Examples}{subsection.2.3}% 6
\BOOKMARK [2][-]{subsection.2.4}{Tying It Together}{section.2}% 7
\BOOKMARK [1][-]{section.3}{Problem Analysis}{}% 8
\BOOKMARK [2][-]{subsection.3.1}{Formalising the concept}{section.3}% 9
\BOOKMARK [2][-]{subsection.3.2}{The Omega Machine}{section.3}% 10
\BOOKMARK [2][-]{subsection.3.3}{Specification}{section.3}% 11
\BOOKMARK [3][-]{subsubsection.3.3.1}{Requirements Elicitation}{subsection.3.3}% 12
\BOOKMARK [3][-]{subsubsection.3.3.2}{Existing Software}{subsection.3.3}% 13
\BOOKMARK [1][-]{section.4}{Method}{}% 14
\BOOKMARK [2][-]{subsection.4.1}{Design}{section.4}% 15
\BOOKMARK [2][-]{subsection.4.2}{Implementation}{section.4}% 16
\BOOKMARK [1][-]{section.5}{Evaluation}{}% 17
\BOOKMARK [2][-]{subsection.5.1}{Lie Detector}{section.5}% 18
\BOOKMARK [2][-]{subsection.5.2}{Collective Intelligence}{section.5}% 19
\BOOKMARK [2][-]{subsection.5.3}{Rumour Spreading}{section.5}% 20
\BOOKMARK [2][-]{subsection.5.4}{Software Suitability}{section.5}% 21
\BOOKMARK [2][-]{subsection.5.5}{Requirements completion}{section.5}% 22
\BOOKMARK [1][-]{section.6}{Conclusion}{}% 23
\BOOKMARK [1][-]{section.7}{Bibliography}{}% 24
\BOOKMARK [1][-]{appendix.A}{Appendices}{}% 25
\BOOKMARK [2][-]{subsection.A.1}{Risk Analysis}{appendix.A}% 26
\BOOKMARK [2][-]{subsection.A.2}{Contingency Plans}{appendix.A}% 27
\BOOKMARK [2][-]{subsection.A.3}{Gantt Chart}{appendix.A}% 28
\BOOKMARK [2][-]{subsection.A.4}{JFLAP Omega Machine Traces}{appendix.A}% 29
\BOOKMARK [2][-]{subsection.A.5}{Original Project Brief}{appendix.A}% 30
